#
# A fatal error has been detected by the Java Runtime Environment:
#
#  Internal Error (./open/src/hotspot/share/runtime/vmThread.cpp:680), pid=4472, tid=17108
#  fatal error: Nested VM operation CollectForMetadataAllocation requested by operation ChangeBreakpoints
#
# JRE version: Java(TM) SE Runtime Environment 18.9 (11.0.11+9) (build 11.0.11+9-LTS-194)
# Java VM: Java HotSpot(TM) 64-Bit Server VM 18.9 (11.0.11+9-LTS-194, mixed mode, tiered, compressed oops, g1 gc, windows-amd64)
# No core dump will be written. Minidumps are not enabled by default on client versions of Windows
#
# If you would like to submit a bug report, please visit:
#   https://bugreport.java.com/bugreport/crash.jsp
#

---------------  S U M M A R Y ------------

Command Line: -agentlib:jdwp=transport=dt_socket,address=127.0.0.1:52256,suspend=y,server=n -XX:TieredStopAtLevel=1 -Xverify:none -Dspring.output.ansi.enabled=always -javaagent:C:\Users\Yury\AppData\Local\JetBrains\IntelliJIdea2020.3\captureAgent\debugger-agent.jar -Dcom.sun.management.jmxremote -Dspring.jmx.enabled=true -Dspring.liveBeansView.mbeanDomain -Dspring.application.admin.enabled=true -Dfile.encoding=UTF-8 com.epam.esm.web.RestappApplication

Host: AMD Ryzen 5 4500U with Radeon Graphics         , 6 cores, 7G,  Windows 10 , 64 bit Build 19041 (10.0.19041.928)
Time: Mon May 31 11:16:51 2021 Беларусь (зима) elapsed time: 8.171851 seconds (0d 0h 0m 8s)

---------------  T H R E A D  ---------------

Current thread (0x00000169d23a1000):  VMThread "VM Thread" [stack: 0x0000002938d00000,0x0000002938e00000] [id=17108]

Stack: [0x0000002938d00000,0x0000002938e00000]
[error occurred during error reporting (printing stack bounds), id 0xc0000005, EXCEPTION_ACCESS_VIOLATION (0xc0000005) at pc=0x00000169bc480f2d]

Native frames: (J=compiled Java code, j=interpreted, Vv=VM code, C=native code)
V  [jvm.dll+0x616f2a]
V  [jvm.dll+0x74de7f]
V  [jvm.dll+0x74f505]
V  [jvm.dll+0x74fae5]
V  [jvm.dll+0x74fa9b]
V  [jvm.dll+0x616763]
V  [jvm.dll+0x616b28]
C  [ntdll.dll+0xa217f]
C  [ntdll.dll+0x51454]
C  [ntdll.dll+0xa0cae]
C  0x00000169bc480f2d

VM_Operation (0x00000029395fef70): ChangeBreakpoints, mode: safepoint, requested by thread 0x00000169d2f13000


---------------  P R O C E S S  ---------------

Threads class SMR info:
_java_thread_list=0x00000169d7373640, length=22, elements={
0x00000169b3fd9800, 0x00000169d23c4800, 0x00000169d23c7000, 0x00000169d2d63000,
0x00000169d23df000, 0x00000169d23df800, 0x00000169d23e2800, 0x00000169d2e89800,
0x00000169d2f13000, 0x00000169d2f2a000, 0x00000169d2f2e000, 0x00000169d329d000,
0x00000169d34e2800, 0x00000169d4503000, 0x00000169d466d800, 0x00000169d4c48800,
0x00000169d4e06800, 0x00000169d4e9e000, 0x00000169d4ef6000, 0x00000169d73b8800,
0x00000169d370a000, 0x00000169d33a2000
}

Java Threads: ( => current thread )
  0x00000169b3fd9800 JavaThread "main" [_thread_blocked, id=16560, stack(0x0000002938700000,0x0000002938800000)]
  0x00000169d23c4800 JavaThread "Reference Handler" daemon [_thread_blocked, id=16896, stack(0x0000002938e00000,0x0000002938f00000)]
  0x00000169d23c7000 JavaThread "Finalizer" daemon [_thread_blocked, id=13220, stack(0x0000002938f00000,0x0000002939000000)]
  0x00000169d2d63000 JavaThread "Signal Dispatcher" daemon [_thread_blocked, id=20276, stack(0x0000002939000000,0x0000002939100000)]
  0x00000169d23df000 JavaThread "Attach Listener" daemon [_thread_blocked, id=13984, stack(0x0000002939100000,0x0000002939200000)]
  0x00000169d23df800 JavaThread "C1 CompilerThread0" daemon [_thread_blocked, id=21384, stack(0x0000002939200000,0x0000002939300000)]
  0x00000169d23e2800 JavaThread "Sweeper thread" daemon [_thread_blocked, id=19984, stack(0x0000002939300000,0x0000002939400000)]
  0x00000169d2e89800 JavaThread "Common-Cleaner" daemon [_thread_blocked, id=12500, stack(0x0000002939400000,0x0000002939500000)]
  0x00000169d2f13000 JavaThread "JDWP Transport Listener: dt_socket" daemon [_thread_blocked, id=10352, stack(0x0000002939500000,0x0000002939600000)]
  0x00000169d2f2a000 JavaThread "JDWP Event Helper Thread" daemon [_thread_blocked, id=16228, stack(0x0000002939600000,0x0000002939700000)]
  0x00000169d2f2e000 JavaThread "JDWP Command Reader" daemon [_thread_in_native, id=16524, stack(0x0000002939700000,0x0000002939800000)]
  0x00000169d329d000 JavaThread "Service Thread" daemon [_thread_blocked, id=16176, stack(0x0000002939800000,0x0000002939900000)]
  0x00000169d34e2800 JavaThread "RMI TCP Accept-0" daemon [_thread_in_native, id=2248, stack(0x0000002939900000,0x0000002939a00000)]
  0x00000169d4503000 JavaThread "RMI TCP Connection(1)-192.168.0.104" daemon [_thread_in_native, id=20380, stack(0x0000002939e00000,0x0000002939f00000)]
  0x00000169d466d800 JavaThread "RMI Scheduler(0)" daemon [_thread_blocked, id=16124, stack(0x000000293a200000,0x000000293a300000)]
  0x00000169d4c48800 JavaThread "RMI TCP Connection(2)-192.168.0.104" daemon [_thread_in_native, id=1100, stack(0x0000002939d00000,0x0000002939e00000)]
  0x00000169d4e06800 JavaThread "mysql-cj-abandoned-connection-cleanup" daemon [_thread_blocked, id=7584, stack(0x000000293a300000,0x000000293a400000)]
  0x00000169d4e9e000 JavaThread "HikariPool-1 housekeeper" daemon [_thread_blocked, id=12864, stack(0x000000293a500000,0x000000293a600000)]
  0x00000169d4ef6000 JavaThread "HikariPool-1 connection adder" daemon [_thread_blocked, id=19480, stack(0x000000293a600000,0x000000293a700000)]
  0x00000169d73b8800 JavaThread "Catalina-utility-1" [_thread_blocked, id=6988, stack(0x000000293a700000,0x000000293a800000)]
  0x00000169d370a000 JavaThread "Catalina-utility-2" [_thread_blocked, id=20184, stack(0x000000293a800000,0x000000293a900000)]
  0x00000169d33a2000 JavaThread "container-0" [_thread_blocked, id=16196, stack(0x000000293a900000,0x000000293aa00000)]

Other Threads:
=>0x00000169d23a1000 VMThread "VM Thread" [stack: 0x0000002938d00000,0x0000002938e00000] [id=17108]
  0x00000169d34e8000 WatcherThread [stack: 0x0000002939a00000,0x0000002939b00000] [id=21340]
  0x00000169b3ff1800 GCTaskThread "GC Thread#0" [stack: 0x0000002938800000,0x0000002938900000] [id=18368]
  0x00000169d3815000 GCTaskThread "GC Thread#1" [stack: 0x0000002939b00000,0x0000002939c00000] [id=16988]
  0x00000169d458e000 GCTaskThread "GC Thread#2" [stack: 0x0000002939f00000,0x000000293a000000] [id=2704]
  0x00000169d4593000 GCTaskThread "GC Thread#3" [stack: 0x000000293a000000,0x000000293a100000] [id=19784]
  0x00000169b401e800 ConcurrentGCThread "G1 Main Marker" [stack: 0x0000002938900000,0x0000002938a00000] [id=16532]
  0x00000169b4023000 ConcurrentGCThread "G1 Conc#0" [stack: 0x0000002938a00000,0x0000002938b00000] [id=17480]
  0x00000169d4596000 ConcurrentGCThread "G1 Conc#1" [stack: 0x000000293a100000,0x000000293a200000] [id=8352]
  0x00000169b40a7800 ConcurrentGCThread "G1 Refine#0" [stack: 0x0000002938b00000,0x0000002938c00000] [id=20348]
  0x00000169d3115000 ConcurrentGCThread "G1 Refine#1" [stack: 0x0000002939c00000,0x0000002939d00000] [id=11720]
  0x00000169b40a8800 ConcurrentGCThread "G1 Young RemSet Sampling" [stack: 0x0000002938c00000,0x0000002938d00000] [id=8852]

Threads with active compile tasks:

VM state:at safepoint (normal execution)

VM Mutex/Monitor currently owned by a thread:  ([mutex/lock_event])
[0x00000169b3fd58a0] Threads_lock - owner thread: 0x00000169d23a1000

Heap address: 0x000000008a200000, size: 1886 MB, Compressed Oops mode: 32-bit
Narrow klass base: 0x0000000000000000, Narrow klass shift: 3
Compressed class space size: 1073741824 Address: 0x0000000100000000

Heap:
 garbage-first heap   total 175104K, used 108009K [0x000000008a200000, 0x0000000100000000)
  region size 1024K, 90 young (92160K), 7 survivors (7168K)
 Metaspace       used 58945K, capacity 60494K, committed 60572K, reserved 1101824K
  class space    used 7769K, capacity 8374K, committed 8392K, reserved 1048576K
Heap Regions: E=young(eden), S=young(survivor), O=old, HS=humongous(starts), HC=humongous(continues), CS=collection set, F=free, A=archive, TAMS=top-at-mark-start (previous, next)
|   0|0x000000008a200000, 0x000000008a300000, 0x000000008a300000|100%|HS|  |TAMS 0x000000008a300000, 0x000000008a200000| Complete 
|   1|0x000000008a300000, 0x000000008a400000, 0x000000008a400000|100%| O|  |TAMS 0x000000008a400000, 0x000000008a300000| Untracked 
|   2|0x000000008a400000, 0x000000008a500000, 0x000000008a500000|100%| O|  |TAMS 0x000000008a500000, 0x000000008a400000| Untracked 
|   3|0x000000008a500000, 0x000000008a600000, 0x000000008a600000|100%| O|  |TAMS 0x000000008a600000, 0x000000008a500000| Untracked 
|   4|0x000000008a600000, 0x000000008a700000, 0x000000008a700000|100%| O|  |TAMS 0x000000008a700000, 0x000000008a600000| Untracked 
|   5|0x000000008a700000, 0x000000008a800000, 0x000000008a800000|100%| O|  |TAMS 0x000000008a800000, 0x000000008a700000| Untracked 
|   6|0x000000008a800000, 0x000000008a900000, 0x000000008a900000|100%| O|  |TAMS 0x000000008a900000, 0x000000008a800000| Untracked 
|   7|0x000000008a900000, 0x000000008aa00000, 0x000000008aa00000|100%| O|  |TAMS 0x000000008aa00000, 0x000000008a900000| Untracked 
|   8|0x000000008aa00000, 0x000000008ab00000, 0x000000008ab00000|100%| O|  |TAMS 0x000000008ab00000, 0x000000008aa00000| Untracked 
|   9|0x000000008ab00000, 0x000000008ac00000, 0x000000008ac00000|100%| O|  |TAMS 0x000000008ac00000, 0x000000008ab00000| Untracked 
|  10|0x000000008ac00000, 0x000000008ad00000, 0x000000008ad00000|100%| O|  |TAMS 0x000000008acffe00, 0x000000008ac00000| Untracked 
|  11|0x000000008ad00000, 0x000000008ae00000, 0x000000008ae00000|100%| O|  |TAMS 0x000000008ad00000, 0x000000008ad00000| Untracked 
|  12|0x000000008ae00000, 0x000000008af00000, 0x000000008af00000|100%| O|  |TAMS 0x000000008ae00000, 0x000000008ae00000| Untracked 
|  13|0x000000008af00000, 0x000000008b000000, 0x000000008b000000|100%| O|  |TAMS 0x000000008af00000, 0x000000008af00000| Untracked 
|  14|0x000000008b000000, 0x000000008b100000, 0x000000008b100000|100%| O|  |TAMS 0x000000008b000000, 0x000000008b000000| Untracked 
|  15|0x000000008b100000, 0x000000008b200000, 0x000000008b200000|100%| O|  |TAMS 0x000000008b100000, 0x000000008b100000| Untracked 
|  16|0x000000008b200000, 0x000000008b27a600, 0x000000008b300000| 47%| O|  |TAMS 0x000000008b200000, 0x000000008b200000| Untracked 
|  17|0x000000008b300000, 0x000000008b300000, 0x000000008b400000|  0%| F|  |TAMS 0x000000008b300000, 0x000000008b300000| Untracked 
|  18|0x000000008b400000, 0x000000008b400000, 0x000000008b500000|  0%| F|  |TAMS 0x000000008b400000, 0x000000008b400000| Untracked 
|  19|0x000000008b500000, 0x000000008b500000, 0x000000008b600000|  0%| F|  |TAMS 0x000000008b500000, 0x000000008b500000| Untracked 
|  20|0x000000008b600000, 0x000000008b600000, 0x000000008b700000|  0%| F|  |TAMS 0x000000008b600000, 0x000000008b600000| Untracked 
|  21|0x000000008b700000, 0x000000008b700000, 0x000000008b800000|  0%| F|  |TAMS 0x000000008b700000, 0x000000008b700000| Untracked 
|  22|0x000000008b800000, 0x000000008b800000, 0x000000008b900000|  0%| F|  |TAMS 0x000000008b800000, 0x000000008b800000| Untracked 
|  23|0x000000008b900000, 0x000000008b900000, 0x000000008ba00000|  0%| F|  |TAMS 0x000000008b900000, 0x000000008b900000| Untracked 
|  24|0x000000008ba00000, 0x000000008ba00000, 0x000000008bb00000|  0%| F|  |TAMS 0x000000008ba00000, 0x000000008ba00000| Untracked 
|  25|0x000000008bb00000, 0x000000008bb00000, 0x000000008bc00000|  0%| F|  |TAMS 0x000000008bb00000, 0x000000008bb00000| Untracked 
|  26|0x000000008bc00000, 0x000000008bc00000, 0x000000008bd00000|  0%| F|  |TAMS 0x000000008bc00000, 0x000000008bc00000| Untracked 
|  27|0x000000008bd00000, 0x000000008bd00000, 0x000000008be00000|  0%| F|  |TAMS 0x000000008bd00000, 0x000000008bd00000| Untracked 
|  28|0x000000008be00000, 0x000000008be00000, 0x000000008bf00000|  0%| F|  |TAMS 0x000000008be00000, 0x000000008be00000| Untracked 
|  29|0x000000008bf00000, 0x000000008bf00000, 0x000000008c000000|  0%| F|  |TAMS 0x000000008bf00000, 0x000000008bf00000| Untracked 
|  30|0x000000008c000000, 0x000000008c000000, 0x000000008c100000|  0%| F|  |TAMS 0x000000008c000000, 0x000000008c000000| Untracked 
|  31|0x000000008c100000, 0x000000008c100000, 0x000000008c200000|  0%| F|  |TAMS 0x000000008c100000, 0x000000008c100000| Untracked 
|  32|0x000000008c200000, 0x000000008c200000, 0x000000008c300000|  0%| F|  |TAMS 0x000000008c200000, 0x000000008c200000| Untracked 
|  33|0x000000008c300000, 0x000000008c300000, 0x000000008c400000|  0%| F|  |TAMS 0x000000008c300000, 0x000000008c300000| Untracked 
|  34|0x000000008c400000, 0x000000008c400000, 0x000000008c500000|  0%| F|  |TAMS 0x000000008c400000, 0x000000008c400000| Untracked 
|  35|0x000000008c500000, 0x000000008c500000, 0x000000008c600000|  0%| F|  |TAMS 0x000000008c500000, 0x000000008c500000| Untracked 
|  36|0x000000008c600000, 0x000000008c600000, 0x000000008c700000|  0%| F|  |TAMS 0x000000008c600000, 0x000000008c600000| Untracked 
|  37|0x000000008c700000, 0x000000008c700000, 0x000000008c800000|  0%| F|  |TAMS 0x000000008c700000, 0x000000008c700000| Untracked 
|  38|0x000000008c800000, 0x000000008c800000, 0x000000008c900000|  0%| F|  |TAMS 0x000000008c800000, 0x000000008c800000| Untracked 
|  39|0x000000008c900000, 0x000000008c900000, 0x000000008ca00000|  0%| F|  |TAMS 0x000000008c900000, 0x000000008c900000| Untracked 
|  40|0x000000008ca00000, 0x000000008ca00000, 0x000000008cb00000|  0%| F|  |TAMS 0x000000008ca00000, 0x000000008ca00000| Untracked 
|  41|0x000000008cb00000, 0x000000008cb00000, 0x000000008cc00000|  0%| F|  |TAMS 0x000000008cb00000, 0x000000008cb00000| Untracked 
|  42|0x000000008cc00000, 0x000000008cc00000, 0x000000008cd00000|  0%| F|  |TAMS 0x000000008cc00000, 0x000000008cc00000| Untracked 
|  43|0x000000008cd00000, 0x000000008cd00000, 0x000000008ce00000|  0%| F|  |TAMS 0x000000008cd00000, 0x000000008cd00000| Untracked 
|  44|0x000000008ce00000, 0x000000008ce00000, 0x000000008cf00000|  0%| F|  |TAMS 0x000000008ce00000, 0x000000008ce00000| Untracked 
|  45|0x000000008cf00000, 0x000000008cf00000, 0x000000008d000000|  0%| F|  |TAMS 0x000000008cf00000, 0x000000008cf00000| Untracked 
|  46|0x000000008d000000, 0x000000008d000000, 0x000000008d100000|  0%| F|  |TAMS 0x000000008d000000, 0x000000008d000000| Untracked 
|  47|0x000000008d100000, 0x000000008d100000, 0x000000008d200000|  0%| F|  |TAMS 0x000000008d100000, 0x000000008d100000| Untracked 
|  48|0x000000008d200000, 0x000000008d200000, 0x000000008d300000|  0%| F|  |TAMS 0x000000008d200000, 0x000000008d200000| Untracked 
|  49|0x000000008d300000, 0x000000008d300000, 0x000000008d400000|  0%| F|  |TAMS 0x000000008d300000, 0x000000008d300000| Untracked 
|  50|0x000000008d400000, 0x000000008d400000, 0x000000008d500000|  0%| F|  |TAMS 0x000000008d400000, 0x000000008d400000| Untracked 
|  51|0x000000008d500000, 0x000000008d500000, 0x000000008d600000|  0%| F|  |TAMS 0x000000008d500000, 0x000000008d500000| Untracked 
|  52|0x000000008d600000, 0x000000008d600000, 0x000000008d700000|  0%| F|  |TAMS 0x000000008d600000, 0x000000008d600000| Untracked 
|  53|0x000000008d700000, 0x000000008d700000, 0x000000008d800000|  0%| F|  |TAMS 0x000000008d700000, 0x000000008d700000| Untracked 
|  54|0x000000008d800000, 0x000000008d800000, 0x000000008d900000|  0%| F|  |TAMS 0x000000008d800000, 0x000000008d800000| Untracked 
|  55|0x000000008d900000, 0x000000008d900000, 0x000000008da00000|  0%| F|  |TAMS 0x000000008d900000, 0x000000008d900000| Untracked 
|  56|0x000000008da00000, 0x000000008da00000, 0x000000008db00000|  0%| F|  |TAMS 0x000000008da00000, 0x000000008da00000| Untracked 
|  57|0x000000008db00000, 0x000000008db00000, 0x000000008dc00000|  0%| F|  |TAMS 0x000000008db00000, 0x000000008db00000| Untracked 
|  58|0x000000008dc00000, 0x000000008dc00000, 0x000000008dd00000|  0%| F|  |TAMS 0x000000008dc00000, 0x000000008dc00000| Untracked 
|  59|0x000000008dd00000, 0x000000008de00000, 0x000000008de00000|100%| S|CS|TAMS 0x000000008dd00000, 0x000000008dd00000| Complete 
|  60|0x000000008de00000, 0x000000008df00000, 0x000000008df00000|100%| S|CS|TAMS 0x000000008de00000, 0x000000008de00000| Complete 
|  61|0x000000008df00000, 0x000000008e000000, 0x000000008e000000|100%| S|CS|TAMS 0x000000008df00000, 0x000000008df00000| Complete 
|  62|0x000000008e000000, 0x000000008e100000, 0x000000008e100000|100%| S|CS|TAMS 0x000000008e000000, 0x000000008e000000| Complete 
|  63|0x000000008e100000, 0x000000008e200000, 0x000000008e200000|100%| S|CS|TAMS 0x000000008e100000, 0x000000008e100000| Complete 
|  64|0x000000008e200000, 0x000000008e300000, 0x000000008e300000|100%| S|CS|TAMS 0x000000008e200000, 0x000000008e200000| Complete 
|  65|0x000000008e300000, 0x000000008e400000, 0x000000008e400000|100%| S|CS|TAMS 0x000000008e300000, 0x000000008e300000| Complete 
|  66|0x000000008e400000, 0x000000008e400000, 0x000000008e500000|  0%| F|  |TAMS 0x000000008e400000, 0x000000008e400000| Untracked 
|  67|0x000000008e500000, 0x000000008e500000, 0x000000008e600000|  0%| F|  |TAMS 0x000000008e500000, 0x000000008e500000| Untracked 
|  68|0x000000008e600000, 0x000000008e600000, 0x000000008e700000|  0%| F|  |TAMS 0x000000008e600000, 0x000000008e600000| Untracked 
|  69|0x000000008e700000, 0x000000008e700000, 0x000000008e800000|  0%| F|  |TAMS 0x000000008e700000, 0x000000008e700000| Untracked 
|  70|0x000000008e800000, 0x000000008e800000, 0x000000008e900000|  0%| F|  |TAMS 0x000000008e800000, 0x000000008e800000| Untracked 
|  71|0x000000008e900000, 0x000000008e900000, 0x000000008ea00000|  0%| F|  |TAMS 0x000000008e900000, 0x000000008e900000| Untracked 
|  72|0x000000008ea00000, 0x000000008ea00000, 0x000000008eb00000|  0%| F|  |TAMS 0x000000008ea00000, 0x000000008ea00000| Untracked 
|  73|0x000000008eb00000, 0x000000008eb00000, 0x000000008ec00000|  0%| F|  |TAMS 0x000000008eb00000, 0x000000008eb00000| Untracked 
|  74|0x000000008ec00000, 0x000000008ec00000, 0x000000008ed00000|  0%| F|  |TAMS 0x000000008ec00000, 0x000000008ec00000| Untracked 
|  75|0x000000008ed00000, 0x000000008ed00000, 0x000000008ee00000|  0%| F|  |TAMS 0x000000008ed00000, 0x000000008ed00000| Untracked 
|  76|0x000000008ee00000, 0x000000008ee00000, 0x000000008ef00000|  0%| F|  |TAMS 0x000000008ee00000, 0x000000008ee00000| Untracked 
|  77|0x000000008ef00000, 0x000000008ef00000, 0x000000008f000000|  0%| F|  |TAMS 0x000000008ef00000, 0x000000008ef00000| Untracked 
|  78|0x000000008f000000, 0x000000008f000000, 0x000000008f100000|  0%| F|  |TAMS 0x000000008f000000, 0x000000008f000000| Untracked 
|  79|0x000000008f100000, 0x000000008f100000, 0x000000008f200000|  0%| F|  |TAMS 0x000000008f100000, 0x000000008f100000| Untracked 
|  80|0x000000008f200000, 0x000000008f200000, 0x000000008f300000|  0%| F|  |TAMS 0x000000008f200000, 0x000000008f200000| Untracked 
|  81|0x000000008f300000, 0x000000008f300000, 0x000000008f400000|  0%| F|  |TAMS 0x000000008f300000, 0x000000008f300000| Untracked 
|  82|0x000000008f400000, 0x000000008f400000, 0x000000008f500000|  0%| F|  |TAMS 0x000000008f400000, 0x000000008f400000| Untracked 
|  83|0x000000008f500000, 0x000000008f500000, 0x000000008f600000|  0%| F|  |TAMS 0x000000008f500000, 0x000000008f500000| Untracked 
|  84|0x000000008f600000, 0x000000008f600000, 0x000000008f700000|  0%| F|  |TAMS 0x000000008f600000, 0x000000008f600000| Untracked 
|  85|0x000000008f700000, 0x000000008f700000, 0x000000008f800000|  0%| F|  |TAMS 0x000000008f700000, 0x000000008f700000| Untracked 
|  86|0x000000008f800000, 0x000000008f800000, 0x000000008f900000|  0%| F|  |TAMS 0x000000008f800000, 0x000000008f800000| Untracked 
|  87|0x000000008f900000, 0x000000008f900000, 0x000000008fa00000|  0%| F|  |TAMS 0x000000008f900000, 0x000000008f900000| Untracked 
|  88|0x000000008fa00000, 0x000000008fb00000, 0x000000008fb00000|100%| E|  |TAMS 0x000000008fa00000, 0x000000008fa00000| Complete 
|  89|0x000000008fb00000, 0x000000008fc00000, 0x000000008fc00000|100%| E|CS|TAMS 0x000000008fb00000, 0x000000008fb00000| Complete 
|  90|0x000000008fc00000, 0x000000008fd00000, 0x000000008fd00000|100%| E|CS|TAMS 0x000000008fc00000, 0x000000008fc00000| Complete 
|  91|0x000000008fd00000, 0x000000008fe00000, 0x000000008fe00000|100%| E|CS|TAMS 0x000000008fd00000, 0x000000008fd00000| Complete 
|  92|0x000000008fe00000, 0x000000008ff00000, 0x000000008ff00000|100%| E|CS|TAMS 0x000000008fe00000, 0x000000008fe00000| Complete 
|  93|0x000000008ff00000, 0x0000000090000000, 0x0000000090000000|100%| E|CS|TAMS 0x000000008ff00000, 0x000000008ff00000| Complete 
|  94|0x0000000090000000, 0x0000000090100000, 0x0000000090100000|100%| E|CS|TAMS 0x0000000090000000, 0x0000000090000000| Complete 
|  95|0x0000000090100000, 0x0000000090200000, 0x0000000090200000|100%| E|CS|TAMS 0x0000000090100000, 0x0000000090100000| Complete 
|  96|0x0000000090200000, 0x0000000090300000, 0x0000000090300000|100%| E|CS|TAMS 0x0000000090200000, 0x0000000090200000| Complete 
|  97|0x0000000090300000, 0x0000000090400000, 0x0000000090400000|100%| E|CS|TAMS 0x0000000090300000, 0x0000000090300000| Complete 
|  98|0x0000000090400000, 0x0000000090500000, 0x0000000090500000|100%| E|CS|TAMS 0x0000000090400000, 0x0000000090400000| Complete 
|  99|0x0000000090500000, 0x0000000090600000, 0x0000000090600000|100%| E|CS|TAMS 0x0000000090500000, 0x0000000090500000| Complete 
| 100|0x0000000090600000, 0x0000000090700000, 0x0000000090700000|100%| E|CS|TAMS 0x0000000090600000, 0x0000000090600000| Complete 
| 101|0x0000000090700000, 0x0000000090800000, 0x0000000090800000|100%| E|CS|TAMS 0x0000000090700000, 0x0000000090700000| Complete 
| 102|0x0000000090800000, 0x0000000090900000, 0x0000000090900000|100%| E|CS|TAMS 0x0000000090800000, 0x0000000090800000| Complete 
| 103|0x0000000090900000, 0x0000000090a00000, 0x0000000090a00000|100%| E|CS|TAMS 0x0000000090900000, 0x0000000090900000| Complete 
| 104|0x0000000090a00000, 0x0000000090b00000, 0x0000000090b00000|100%| E|CS|TAMS 0x0000000090a00000, 0x0000000090a00000| Complete 
| 105|0x0000000090b00000, 0x0000000090c00000, 0x0000000090c00000|100%| E|CS|TAMS 0x0000000090b00000, 0x0000000090b00000| Complete 
| 106|0x0000000090c00000, 0x0000000090d00000, 0x0000000090d00000|100%| E|CS|TAMS 0x0000000090c00000, 0x0000000090c00000| Complete 
| 107|0x0000000090d00000, 0x0000000090e00000, 0x0000000090e00000|100%| E|CS|TAMS 0x0000000090d00000, 0x0000000090d00000| Complete 
| 108|0x0000000090e00000, 0x0000000090f00000, 0x0000000090f00000|100%| E|CS|TAMS 0x0000000090e00000, 0x0000000090e00000| Complete 
| 109|0x0000000090f00000, 0x0000000091000000, 0x0000000091000000|100%| E|CS|TAMS 0x0000000090f00000, 0x0000000090f00000| Complete 
| 110|0x0000000091000000, 0x0000000091100000, 0x0000000091100000|100%| E|CS|TAMS 0x0000000091000000, 0x0000000091000000| Complete 
| 111|0x0000000091100000, 0x0000000091200000, 0x0000000091200000|100%| E|CS|TAMS 0x0000000091100000, 0x0000000091100000| Complete 
| 112|0x0000000091200000, 0x0000000091300000, 0x0000000091300000|100%| E|CS|TAMS 0x0000000091200000, 0x0000000091200000| Complete 
| 113|0x0000000091300000, 0x0000000091400000, 0x0000000091400000|100%| E|CS|TAMS 0x0000000091300000, 0x0000000091300000| Complete 
| 114|0x0000000091400000, 0x0000000091500000, 0x0000000091500000|100%| E|CS|TAMS 0x0000000091400000, 0x0000000091400000| Complete 
| 115|0x0000000091500000, 0x0000000091600000, 0x0000000091600000|100%| E|CS|TAMS 0x0000000091500000, 0x0000000091500000| Complete 
| 116|0x0000000091600000, 0x0000000091700000, 0x0000000091700000|100%| E|CS|TAMS 0x0000000091600000, 0x0000000091600000| Complete 
| 117|0x0000000091700000, 0x0000000091800000, 0x0000000091800000|100%| E|CS|TAMS 0x0000000091700000, 0x0000000091700000| Complete 
| 118|0x0000000091800000, 0x0000000091900000, 0x0000000091900000|100%| E|CS|TAMS 0x0000000091800000, 0x0000000091800000| Complete 
| 119|0x0000000091900000, 0x0000000091a00000, 0x0000000091a00000|100%| E|CS|TAMS 0x0000000091900000, 0x0000000091900000| Complete 
| 120|0x0000000091a00000, 0x0000000091b00000, 0x0000000091b00000|100%| E|CS|TAMS 0x0000000091a00000, 0x0000000091a00000| Complete 
| 121|0x0000000091b00000, 0x0000000091c00000, 0x0000000091c00000|100%| E|CS|TAMS 0x0000000091b00000, 0x0000000091b00000| Complete 
| 122|0x0000000091c00000, 0x0000000091d00000, 0x0000000091d00000|100%| E|CS|TAMS 0x0000000091c00000, 0x0000000091c00000| Complete 
| 123|0x0000000091d00000, 0x0000000091e00000, 0x0000000091e00000|100%| E|CS|TAMS 0x0000000091d00000, 0x0000000091d00000| Complete 
| 124|0x0000000091e00000, 0x0000000091f00000, 0x0000000091f00000|100%| E|CS|TAMS 0x0000000091e00000, 0x0000000091e00000| Complete 
| 125|0x0000000091f00000, 0x0000000092000000, 0x0000000092000000|100%| E|CS|TAMS 0x0000000091f00000, 0x0000000091f00000| Complete 
| 126|0x0000000092000000, 0x0000000092100000, 0x0000000092100000|100%| E|CS|TAMS 0x0000000092000000, 0x0000000092000000| Complete 
| 127|0x0000000092100000, 0x0000000092200000, 0x0000000092200000|100%| E|CS|TAMS 0x0000000092100000, 0x0000000092100000| Complete 
| 128|0x0000000092200000, 0x0000000092300000, 0x0000000092300000|100%| E|CS|TAMS 0x0000000092200000, 0x0000000092200000| Complete 
| 129|0x0000000092300000, 0x0000000092400000, 0x0000000092400000|100%| E|CS|TAMS 0x0000000092300000, 0x0000000092300000| Complete 
| 130|0x0000000092400000, 0x0000000092500000, 0x0000000092500000|100%| E|CS|TAMS 0x0000000092400000, 0x0000000092400000| Complete 
| 131|0x0000000092500000, 0x0000000092600000, 0x0000000092600000|100%| E|CS|TAMS 0x0000000092500000, 0x0000000092500000| Complete 
| 132|0x0000000092600000, 0x0000000092700000, 0x0000000092700000|100%| E|CS|TAMS 0x0000000092600000, 0x0000000092600000| Complete 
| 133|0x0000000092700000, 0x0000000092800000, 0x0000000092800000|100%| E|CS|TAMS 0x0000000092700000, 0x0000000092700000| Complete 
| 134|0x0000000092800000, 0x0000000092900000, 0x0000000092900000|100%| E|CS|TAMS 0x0000000092800000, 0x0000000092800000| Complete 
| 135|0x0000000092900000, 0x0000000092a00000, 0x0000000092a00000|100%| E|CS|TAMS 0x0000000092900000, 0x0000000092900000| Complete 
| 136|0x0000000092a00000, 0x0000000092b00000, 0x0000000092b00000|100%| E|CS|TAMS 0x0000000092a00000, 0x0000000092a00000| Complete 
| 137|0x0000000092b00000, 0x0000000092c00000, 0x0000000092c00000|100%| E|CS|TAMS 0x0000000092b00000, 0x0000000092b00000| Complete 
| 138|0x0000000092c00000, 0x0000000092d00000, 0x0000000092d00000|100%| E|CS|TAMS 0x0000000092c00000, 0x0000000092c00000| Complete 
| 139|0x0000000092d00000, 0x0000000092e00000, 0x0000000092e00000|100%| E|CS|TAMS 0x0000000092d00000, 0x0000000092d00000| Complete 
| 140|0x0000000092e00000, 0x0000000092f00000, 0x0000000092f00000|100%| E|CS|TAMS 0x0000000092e00000, 0x0000000092e00000| Complete 
| 141|0x0000000092f00000, 0x0000000093000000, 0x0000000093000000|100%| E|CS|TAMS 0x0000000092f00000, 0x0000000092f00000| Complete 
| 142|0x0000000093000000, 0x0000000093100000, 0x0000000093100000|100%| E|CS|TAMS 0x0000000093000000, 0x0000000093000000| Complete 
| 143|0x0000000093100000, 0x0000000093200000, 0x0000000093200000|100%| E|CS|TAMS 0x0000000093100000, 0x0000000093100000| Complete 
| 144|0x0000000093200000, 0x0000000093300000, 0x0000000093300000|100%| E|CS|TAMS 0x0000000093200000, 0x0000000093200000| Complete 
| 145|0x0000000093300000, 0x0000000093400000, 0x0000000093400000|100%| E|CS|TAMS 0x0000000093300000, 0x0000000093300000| Complete 
| 146|0x0000000093400000, 0x0000000093500000, 0x0000000093500000|100%| E|CS|TAMS 0x0000000093400000, 0x0000000093400000| Complete 
| 147|0x0000000093500000, 0x0000000093600000, 0x0000000093600000|100%| E|CS|TAMS 0x0000000093500000, 0x0000000093500000| Complete 
| 148|0x0000000093600000, 0x0000000093700000, 0x0000000093700000|100%| E|CS|TAMS 0x0000000093600000, 0x0000000093600000| Complete 
| 149|0x0000000093700000, 0x0000000093800000, 0x0000000093800000|100%| E|CS|TAMS 0x0000000093700000, 0x0000000093700000| Complete 
| 150|0x0000000093800000, 0x0000000093900000, 0x0000000093900000|100%| E|CS|TAMS 0x0000000093800000, 0x0000000093800000| Complete 
| 151|0x0000000093900000, 0x0000000093a00000, 0x0000000093a00000|100%| E|CS|TAMS 0x0000000093900000, 0x0000000093900000| Complete 
| 152|0x0000000093a00000, 0x0000000093b00000, 0x0000000093b00000|100%| E|CS|TAMS 0x0000000093a00000, 0x0000000093a00000| Complete 
| 153|0x0000000093b00000, 0x0000000093c00000, 0x0000000093c00000|100%| E|CS|TAMS 0x0000000093b00000, 0x0000000093b00000| Complete 
| 154|0x0000000093c00000, 0x0000000093d00000, 0x0000000093d00000|100%| E|CS|TAMS 0x0000000093c00000, 0x0000000093c00000| Complete 
| 155|0x0000000093d00000, 0x0000000093e00000, 0x0000000093e00000|100%| E|CS|TAMS 0x0000000093d00000, 0x0000000093d00000| Complete 
| 156|0x0000000093e00000, 0x0000000093f00000, 0x0000000093f00000|100%| E|CS|TAMS 0x0000000093e00000, 0x0000000093e00000| Complete 
| 157|0x0000000093f00000, 0x0000000094000000, 0x0000000094000000|100%| E|CS|TAMS 0x0000000093f00000, 0x0000000093f00000| Complete 
| 158|0x0000000094000000, 0x0000000094100000, 0x0000000094100000|100%| E|CS|TAMS 0x0000000094000000, 0x0000000094000000| Complete 
| 159|0x0000000094100000, 0x0000000094200000, 0x0000000094200000|100%| E|CS|TAMS 0x0000000094100000, 0x0000000094100000| Complete 
| 160|0x0000000094200000, 0x0000000094300000, 0x0000000094300000|100%| E|CS|TAMS 0x0000000094200000, 0x0000000094200000| Complete 
| 161|0x0000000094300000, 0x0000000094400000, 0x0000000094400000|100%| E|CS|TAMS 0x0000000094300000, 0x0000000094300000| Complete 
| 162|0x0000000094400000, 0x0000000094500000, 0x0000000094500000|100%| E|CS|TAMS 0x0000000094400000, 0x0000000094400000| Complete 
| 163|0x0000000094500000, 0x0000000094600000, 0x0000000094600000|100%| E|CS|TAMS 0x0000000094500000, 0x0000000094500000| Complete 
| 164|0x0000000094600000, 0x0000000094700000, 0x0000000094700000|100%| E|CS|TAMS 0x0000000094600000, 0x0000000094600000| Complete 
| 165|0x0000000094700000, 0x0000000094800000, 0x0000000094800000|100%| E|CS|TAMS 0x0000000094700000, 0x0000000094700000| Complete 
| 166|0x0000000094800000, 0x0000000094900000, 0x0000000094900000|100%| E|CS|TAMS 0x0000000094800000, 0x0000000094800000| Complete 
| 167|0x0000000094900000, 0x0000000094a00000, 0x0000000094a00000|100%| E|CS|TAMS 0x0000000094900000, 0x0000000094900000| Complete 
| 168|0x0000000094a00000, 0x0000000094b00000, 0x0000000094b00000|100%| E|CS|TAMS 0x0000000094a00000, 0x0000000094a00000| Complete 
| 169|0x0000000094b00000, 0x0000000094c00000, 0x0000000094c00000|100%| E|CS|TAMS 0x0000000094b00000, 0x0000000094b00000| Complete 
| 170|0x0000000094c00000, 0x0000000094d00000, 0x0000000094d00000|100%| E|CS|TAMS 0x0000000094c00000, 0x0000000094c00000| Complete 

Card table byte_map: [0x00000169cb940000,0x00000169cbcf0000] _byte_map_base: 0x00000169cb4ef000

Marking Bits (Prev, Next): (CMBitMap*) 0x00000169b4015c18, (CMBitMap*) 0x00000169b4015c50
 Prev Bits: [0x00000169cc0a0000, 0x00000169cde18000)
 Next Bits: [0x00000169cde20000, 0x00000169cfb98000)

Polling page: 0x00000169b37b0000

Metaspace:

Usage:
  Non-class:     50.90 MB capacity,    49.98 MB ( 98%) used,   757.13 KB (  1%) free+waste,   187.00 KB ( <1%) overhead. 
      Class:      8.18 MB capacity,     7.59 MB ( 93%) used,   514.50 KB (  6%) free+waste,    89.75 KB (  1%) overhead. 
       Both:     59.08 MB capacity,    57.56 MB ( 97%) used,     1.24 MB (  2%) free+waste,   276.75 KB ( <1%) overhead. 

Virtual space:
  Non-class space:       52.00 MB reserved,      50.96 MB ( 98%) committed 
      Class space:        1.00 GB reserved,       8.20 MB ( <1%) committed 
             Both:        1.05 GB reserved,      59.15 MB (  5%) committed 

Chunk freelists:
   Non-Class:  0 bytes
       Class:  1.25 KB
        Both:  1.25 KB

CodeHeap 'non-profiled nmethods': size=238912Kb used=9164Kb max_used=9164Kb free=229748Kb
 bounds [0x00000169bcb30000, 0x00000169bd430000, 0x00000169cb480000]
CodeHeap 'non-nmethods': size=6848Kb used=1327Kb max_used=1327Kb free=5520Kb
 bounds [0x00000169bc480000, 0x00000169bc6f0000, 0x00000169bcb30000]
 total_blobs=6248 nmethods=5633 adapters=548
 compilation: enabled
              stopped_count=0, restarted_count=0
 full_count=0

Compilation events (10 events):
Event: 8.160 Thread 0x00000169d23df800 5630       1       java.util.LinkedList::checkElementIndex (22 bytes)
Event: 8.160 Thread 0x00000169d23df800 nmethod 5630 0x00000169bd421710 code [0x00000169bd421920, 0x00000169bd421c48]
Event: 8.160 Thread 0x00000169d23df800 5628       1       org.springframework.cglib.core.ClassEmitter$1::getSuperType (18 bytes)
Event: 8.160 Thread 0x00000169d23df800 nmethod 5628 0x00000169bd421e90 code [0x00000169bd422020, 0x00000169bd4220f8]
Event: 8.160 Thread 0x00000169d23df800 5631       1       org.springframework.cglib.core.CodeEmitter::putfield (47 bytes)
Event: 8.161 Thread 0x00000169d23df800 nmethod 5631 0x00000169bd422190 code [0x00000169bd422380, 0x00000169bd4225e8]
Event: 8.161 Thread 0x00000169d23df800 5632       1       org.springframework.cglib.core.CodeEmitter::invoke_static_this (13 bytes)
Event: 8.161 Thread 0x00000169d23df800 nmethod 5632 0x00000169bd422890 code [0x00000169bd422a40, 0x00000169bd422b78]
Event: 8.161 Thread 0x00000169d23df800 5633       1       org.springframework.cglib.core.CodeEmitter::goTo (12 bytes)
Event: 8.161 Thread 0x00000169d23df800 nmethod 5633 0x00000169bd422c90 code [0x00000169bd422e40, 0x00000169bd422f48]

GC Heap History (10 events):
Event: 2.871 GC heap before
{Heap before GC invocations=5 (full 0):
 garbage-first heap   total 120832K, used 76480K [0x000000008a200000, 0x0000000100000000)
  region size 1024K, 69 young (70656K), 5 survivors (5120K)
 Metaspace       used 26222K, capacity 27228K, committed 27388K, reserved 1073152K
  class space    used 3138K, capacity 3528K, committed 3580K, reserved 1048576K
}
Event: 2.878 GC heap after
{Heap after GC invocations=6 (full 0):
 garbage-first heap   total 145408K, used 12806K [0x000000008a200000, 0x0000000100000000)
  region size 1024K, 5 young (5120K), 5 survivors (5120K)
 Metaspace       used 26222K, capacity 27228K, committed 27388K, reserved 1073152K
  class space    used 3138K, capacity 3528K, committed 3580K, reserved 1048576K
}
Event: 4.140 GC heap before
{Heap before GC invocations=6 (full 0):
 garbage-first heap   total 145408K, used 94726K [0x000000008a200000, 0x0000000100000000)
  region size 1024K, 85 young (87040K), 5 survivors (5120K)
 Metaspace       used 33185K, capacity 34445K, committed 34684K, reserved 1079296K
  class space    used 4113K, capacity 4640K, committed 4732K, reserved 1048576K
}
Event: 4.149 GC heap after
{Heap after GC invocations=7 (full 0):
 garbage-first heap   total 145408K, used 17209K [0x000000008a200000, 0x0000000100000000)
  region size 1024K, 10 young (10240K), 10 survivors (10240K)
 Metaspace       used 33185K, capacity 34445K, committed 34684K, reserved 1079296K
  class space    used 4113K, capacity 4640K, committed 4732K, reserved 1048576K
}
Event: 4.510 GC heap before
{Heap before GC invocations=7 (full 0):
 garbage-first heap   total 145408K, used 76601K [0x000000008a200000, 0x0000000100000000)
  region size 1024K, 70 young (71680K), 10 survivors (10240K)
 Metaspace       used 34639K, capacity 35968K, committed 36048K, reserved 1081344K
  class space    used 4289K, capacity 4807K, committed 4860K, reserved 1048576K
}
Event: 4.521 GC heap after
{Heap after GC invocations=8 (full 0):
 garbage-first heap   total 145408K, used 17919K [0x000000008a200000, 0x0000000100000000)
  region size 1024K, 7 young (7168K), 7 survivors (7168K)
 Metaspace       used 34639K, capacity 35968K, committed 36048K, reserved 1081344K
  class space    used 4289K, capacity 4807K, committed 4860K, reserved 1048576K
}
Event: 5.642 GC heap before
{Heap before GC invocations=9 (full 0):
 garbage-first heap   total 145408K, used 96767K [0x000000008a200000, 0x0000000100000000)
  region size 1024K, 85 young (87040K), 7 survivors (7168K)
 Metaspace       used 46157K, capacity 47568K, committed 47900K, reserved 1091584K
  class space    used 5824K, capacity 6388K, committed 6472K, reserved 1048576K
}
Event: 5.652 GC heap after
{Heap after GC invocations=10 (full 0):
 garbage-first heap   total 145408K, used 21842K [0x000000008a200000, 0x0000000100000000)
  region size 1024K, 9 young (9216K), 9 survivors (9216K)
 Metaspace       used 46157K, capacity 47568K, committed 47900K, reserved 1091584K
  class space    used 5824K, capacity 6388K, committed 6472K, reserved 1048576K
}
Event: 6.761 GC heap before
{Heap before GC invocations=10 (full 0):
 garbage-first heap   total 145408K, used 99666K [0x000000008a200000, 0x0000000100000000)
  region size 1024K, 85 young (87040K), 9 survivors (9216K)
 Metaspace       used 53861K, capacity 55347K, committed 55580K, reserved 1097728K
  class space    used 6926K, capacity 7481K, committed 7496K, reserved 1048576K
}
Event: 6.772 GC heap after
{Heap after GC invocations=11 (full 0):
 garbage-first heap   total 175104K, used 24041K [0x000000008a200000, 0x0000000100000000)
  region size 1024K, 7 young (7168K), 7 survivors (7168K)
 Metaspace       used 53861K, capacity 55347K, committed 55580K, reserved 1097728K
  class space    used 6926K, capacity 7481K, committed 7496K, reserved 1048576K
}

Deoptimization events (0 events):
No events

Classes redefined (0 events):
No events

Internal exceptions (10 events):
Event: 6.911 Thread 0x00000169b3fd9800 Exception <a 'java/lang/ClassNotFoundException'{0x00000000947ea558}: org/springframework/beans/factory/AwareCustomizer> (0x00000000947ea558) thrown at [./open/src/hotspot/share/classfile/systemDictionary.cpp, line 228]
Event: 6.912 Thread 0x00000169b3fd9800 Exception <a 'java/lang/ClassNotFoundException'{0x00000000947ff1a0}: org/springframework/web/context/ServletContextAwareCustomizer> (0x00000000947ff1a0) thrown at [./open/src/hotspot/share/classfile/systemDictionary.cpp, line 228]
Event: 6.913 Thread 0x00000169b3fd9800 Exception <a 'java/lang/ClassNotFoundException'{0x00000000946135c0}: org/springframework/beans/factory/AwareCustomizer> (0x00000000946135c0) thrown at [./open/src/hotspot/share/classfile/systemDictionary.cpp, line 228]
Event: 7.026 Thread 0x00000169d4c48800 Exception <a 'java/lang/reflect/InvocationTargetException'{0x0000000094389e28}> (0x0000000094389e28) thrown at [./open/src/hotspot/share/runtime/reflection.cpp, line 1242]
Event: 7.486 Thread 0x00000169b3fd9800 Exception <a 'java/io/FileNotFoundException'{0x0000000092c1a260}> (0x0000000092c1a260) thrown at [./open/src/hotspot/share/prims/jni.cpp, line 611]
Event: 7.546 Thread 0x00000169d4c48800 Exception <a 'java/lang/reflect/InvocationTargetException'{0x000000009280c2e0}> (0x000000009280c2e0) thrown at [./open/src/hotspot/share/runtime/reflection.cpp, line 1242]
Event: 8.097 Thread 0x00000169b3fd9800 Exception <a 'java/lang/IllegalArgumentException'{0x000000008fd3ffd8}: Wrong type at constant pool index> (0x000000008fd3ffd8) thrown at [./open/src/hotspot/share/prims/jvm.cpp, line 2050]
Event: 8.097 Thread 0x00000169b3fd9800 Exception <a 'java/lang/reflect/InvocationTargetException'{0x000000008fd40550}> (0x000000008fd40550) thrown at [./open/src/hotspot/share/runtime/reflection.cpp, line 1242]
Event: 8.097 Thread 0x00000169b3fd9800 Exception <a 'java/lang/IllegalArgumentException'{0x000000008fd40b30}: Wrong type at constant pool index> (0x000000008fd40b30) thrown at [./open/src/hotspot/share/prims/jvm.cpp, line 2050]
Event: 8.097 Thread 0x00000169b3fd9800 Exception <a 'java/lang/reflect/InvocationTargetException'{0x000000008fd410a8}> (0x000000008fd410a8) thrown at [./open/src/hotspot/share/runtime/reflection.cpp, line 1242]

Events (10 events):
Event: 8.148 Thread 0x00000169b3fd9800 DEOPT UNPACKING pc=0x00000169bc4bb8de sp=0x00000029387fc450 mode 1
Event: 8.148 Thread 0x00000169b3fd9800 DEOPT PACKING pc=0x00000169bcf23afc sp=0x00000029387fceb0
Event: 8.148 Thread 0x00000169b3fd9800 DEOPT UNPACKING pc=0x00000169bc4bb8de sp=0x00000029387fc3d0 mode 1
Event: 8.148 Thread 0x00000169b3fd9800 DEOPT PACKING pc=0x00000169bd0edd5c sp=0x00000029387fcf90
Event: 8.148 Thread 0x00000169b3fd9800 DEOPT UNPACKING pc=0x00000169bc4bb8de sp=0x00000029387fc450 mode 1
Event: 8.148 Thread 0x00000169b3fd9800 DEOPT PACKING pc=0x00000169bcf23afc sp=0x00000029387fceb0
Event: 8.148 Thread 0x00000169b3fd9800 DEOPT UNPACKING pc=0x00000169bc4bb8de sp=0x00000029387fc3d0 mode 1
Event: 8.148 Thread 0x00000169b3fd9800 DEOPT PACKING pc=0x00000169bd0edd5c sp=0x00000029387fcf90
Event: 8.148 Thread 0x00000169b3fd9800 DEOPT UNPACKING pc=0x00000169bc4bb8de sp=0x00000029387fc450 mode 1
Event: 8.166 Executing VM operation: ChangeBreakpoints


Dynamic libraries:
0x00007ff7bea90000 - 0x00007ff7bea9f000 	C:\Program Files\Java\jdk-11.0.11\bin\java.exe
0x00007ffa8d8f0000 - 0x00007ffa8dae5000 	C:\Windows\SYSTEM32\ntdll.dll
0x00007ffa61e90000 - 0x00007ffa61ea3000 	C:\Program Files\Avast Software\Avast\aswhook.dll
0x00007ffa8d7c0000 - 0x00007ffa8d87d000 	C:\Windows\System32\KERNEL32.DLL
0x00007ffa8b3c0000 - 0x00007ffa8b688000 	C:\Windows\System32\KERNELBASE.dll
0x00007ffa8b0c0000 - 0x00007ffa8b1c0000 	C:\Windows\System32\ucrtbase.dll
0x00007ffa86bc0000 - 0x00007ffa86bd8000 	C:\Program Files\Java\jdk-11.0.11\bin\jli.dll
0x00007ffa8d490000 - 0x00007ffa8d53c000 	C:\Windows\System32\ADVAPI32.dll
0x00007ffa8b950000 - 0x00007ffa8b9ee000 	C:\Windows\System32\msvcrt.dll
0x00007ffa85270000 - 0x00007ffa85285000 	C:\Program Files\Java\jdk-11.0.11\bin\VCRUNTIME140.dll
0x00007ffa8bff0000 - 0x00007ffa8c08b000 	C:\Windows\System32\sechost.dll
0x00007ffa8d540000 - 0x00007ffa8d66b000 	C:\Windows\System32\RPCRT4.dll
0x00007ffa8c270000 - 0x00007ffa8c410000 	C:\Windows\System32\USER32.dll
0x00007ffa8b920000 - 0x00007ffa8b942000 	C:\Windows\System32\win32u.dll
0x00007ffa8d730000 - 0x00007ffa8d75a000 	C:\Windows\System32\GDI32.dll
0x00007ffa8b210000 - 0x00007ffa8b31b000 	C:\Windows\System32\gdi32full.dll
0x00007ffa8b320000 - 0x00007ffa8b3bd000 	C:\Windows\System32\msvcp_win.dll
0x00007ffa6fe70000 - 0x00007ffa7010a000 	C:\Windows\WinSxS\amd64_microsoft.windows.common-controls_6595b64144ccf1df_6.0.19041.844_none_ca00b6081b84eb1d\COMCTL32.dll
0x00007ffa82020000 - 0x00007ffa8202a000 	C:\Windows\SYSTEM32\VERSION.dll
0x00007ffa8d880000 - 0x00007ffa8d8b0000 	C:\Windows\System32\IMM32.DLL
0x00007ffa76050000 - 0x00007ffa760eb000 	C:\Program Files\Java\jdk-11.0.11\bin\msvcp140.dll
0x00007ffa2cc60000 - 0x00007ffa2d75e000 	C:\Program Files\Java\jdk-11.0.11\bin\server\jvm.dll
0x00007ffa8d670000 - 0x00007ffa8d678000 	C:\Windows\System32\PSAPI.DLL
0x00007ffa7ca30000 - 0x00007ffa7ca39000 	C:\Windows\SYSTEM32\WSOCK32.dll
0x00007ffa8ce40000 - 0x00007ffa8ceab000 	C:\Windows\System32\WS2_32.dll
0x00007ffa81ff0000 - 0x00007ffa82017000 	C:\Windows\SYSTEM32\WINMM.dll
0x00007ffa88ea0000 - 0x00007ffa88eb2000 	C:\Windows\SYSTEM32\kernel.appcore.dll
0x00007ffa888f0000 - 0x00007ffa88900000 	C:\Program Files\Java\jdk-11.0.11\bin\verify.dll
0x00007ffa82bd0000 - 0x00007ffa82db4000 	C:\Windows\SYSTEM32\DBGHELP.DLL
0x00007ffa7e800000 - 0x00007ffa7e82c000 	C:\Windows\SYSTEM32\dbgcore.DLL
0x00007ffa8b690000 - 0x00007ffa8b710000 	C:\Windows\System32\bcryptPrimitives.dll
0x00007ffa85240000 - 0x00007ffa85268000 	C:\Program Files\Java\jdk-11.0.11\bin\java.dll
0x00007ffa86bb0000 - 0x00007ffa86bba000 	C:\Program Files\Java\jdk-11.0.11\bin\jimage.dll
0x00007ffa83950000 - 0x00007ffa83988000 	C:\Program Files\Java\jdk-11.0.11\bin\jdwp.dll
0x00007ffa85210000 - 0x00007ffa8521e000 	C:\Program Files\Java\jdk-11.0.11\bin\instrument.dll
0x00007ffa85220000 - 0x00007ffa85236000 	C:\Program Files\Java\jdk-11.0.11\bin\zip.dll
0x00007ffa8c680000 - 0x00007ffa8cdc2000 	C:\Windows\System32\SHELL32.dll
0x00007ffa89180000 - 0x00007ffa89910000 	C:\Windows\SYSTEM32\windows.storage.dll
0x00007ffa8d130000 - 0x00007ffa8d485000 	C:\Windows\System32\combase.dll
0x00007ffa8a9d0000 - 0x00007ffa8a9fc000 	C:\Windows\SYSTEM32\Wldp.dll
0x00007ffa8d680000 - 0x00007ffa8d72e000 	C:\Windows\System32\SHCORE.dll
0x00007ffa8d760000 - 0x00007ffa8d7b5000 	C:\Windows\System32\shlwapi.dll
0x00007ffa8af70000 - 0x00007ffa8af8f000 	C:\Windows\SYSTEM32\profapi.dll
0x00007ffa84420000 - 0x00007ffa8442a000 	C:\Program Files\Java\jdk-11.0.11\bin\dt_socket.dll
0x00007ffa8a740000 - 0x00007ffa8a7aa000 	C:\Windows\system32\mswsock.dll
0x00007ffa83c80000 - 0x00007ffa83c99000 	C:\Program Files\Java\jdk-11.0.11\bin\net.dll
0x00007ffa7dd90000 - 0x00007ffa7de9b000 	C:\Windows\SYSTEM32\WINHTTP.dll
0x00007ffa83930000 - 0x00007ffa83942000 	C:\Program Files\Java\jdk-11.0.11\bin\nio.dll
0x00007ffa8a470000 - 0x00007ffa8a53c000 	C:\Windows\SYSTEM32\DNSAPI.dll
0x00007ffa8a430000 - 0x00007ffa8a46b000 	C:\Windows\SYSTEM32\IPHLPAPI.DLL
0x00007ffa8c110000 - 0x00007ffa8c118000 	C:\Windows\System32\NSI.dll
0x00007ffa7d3b0000 - 0x00007ffa7d3ba000 	C:\Windows\System32\rasadhlp.dll
0x00007ffa7dfb0000 - 0x00007ffa7e02f000 	C:\Windows\System32\fwpuclnt.dll
0x00007ffa8b030000 - 0x00007ffa8b057000 	C:\Windows\System32\bcrypt.dll
0x00007ffa83920000 - 0x00007ffa83929000 	C:\Program Files\Java\jdk-11.0.11\bin\management.dll
0x00007ffa838d0000 - 0x00007ffa838db000 	C:\Program Files\Java\jdk-11.0.11\bin\management_ext.dll
0x00007ffa8a910000 - 0x00007ffa8a928000 	C:\Windows\SYSTEM32\CRYPTSP.dll
0x00007ffa8a0e0000 - 0x00007ffa8a114000 	C:\Windows\system32\rsaenh.dll
0x00007ffa8af30000 - 0x00007ffa8af5e000 	C:\Windows\SYSTEM32\USERENV.dll
0x00007ffa8a930000 - 0x00007ffa8a93c000 	C:\Windows\SYSTEM32\CRYPTBASE.dll
0x00007ffa820e0000 - 0x00007ffa820f7000 	C:\Windows\SYSTEM32\dhcpcsvc6.DLL
0x00007ffa82b80000 - 0x00007ffa82b9d000 	C:\Windows\SYSTEM32\dhcpcsvc.DLL
0x00007ffa76d10000 - 0x00007ffa76d27000 	C:\Windows\system32\napinsp.dll
0x00007ffa760f0000 - 0x00007ffa7610b000 	C:\Windows\system32\pnrpnsp.dll
0x00007ffa85c20000 - 0x00007ffa85c35000 	C:\Windows\system32\wshbth.dll
0x00007ffa86a50000 - 0x00007ffa86a6d000 	C:\Windows\system32\NLAapi.dll
0x00007ffa75760000 - 0x00007ffa75772000 	C:\Windows\System32\winrnr.dll
0x00007ffa838a0000 - 0x00007ffa838ad000 	C:\Program Files\Java\jdk-11.0.11\bin\sunmscapi.dll
0x00007ffa8b710000 - 0x00007ffa8b86f000 	C:\Windows\System32\CRYPT32.dll
0x00007ffa8aa40000 - 0x00007ffa8aa67000 	C:\Windows\SYSTEM32\ncrypt.dll
0x00007ffa8aa00000 - 0x00007ffa8aa3b000 	C:\Windows\SYSTEM32\NTASN1.dll
0x00007ffa79020000 - 0x00007ffa79045000 	C:\Program Files\Java\jdk-11.0.11\bin\sunec.dll

dbghelp: loaded successfully - version: 4.0.5 - missing functions: none
symbol engine: initialized successfully - sym options: 0x614 - pdb path: .;C:\Program Files\Java\jdk-11.0.11\bin;C:\Windows\SYSTEM32;C:\Program Files\Avast Software\Avast;C:\Windows\WinSxS\amd64_microsoft.windows.common-controls_6595b64144ccf1df_6.0.19041.844_none_ca00b6081b84eb1d;C:\Program Files\Java\jdk-11.0.11\bin\server

VM Arguments:
jvm_args: -agentlib:jdwp=transport=dt_socket,address=127.0.0.1:52256,suspend=y,server=n -XX:TieredStopAtLevel=1 -Xverify:none -Dspring.output.ansi.enabled=always -javaagent:C:\Users\Yury\AppData\Local\JetBrains\IntelliJIdea2020.3\captureAgent\debugger-agent.jar -Dcom.sun.management.jmxremote -Dspring.jmx.enabled=true -Dspring.liveBeansView.mbeanDomain -Dspring.application.admin.enabled=true -Dfile.encoding=UTF-8 
java_command: com.epam.esm.web.RestappApplication
java_class_path (initial): D:\IdeaProjects\RestApiBasics\web\target\classes;D:\IdeaProjects\RestApiBasics\service\target\classes;C:\Users\Yury\.m2\repository\org\springframework\boot\spring-boot-starter\2.4.3\spring-boot-starter-2.4.3.jar;C:\Users\Yury\.m2\repository\org\springframework\boot\spring-boot\2.4.3\spring-boot-2.4.3.jar;C:\Users\Yury\.m2\repository\org\springframework\boot\spring-boot-autoconfigure\2.4.3\spring-boot-autoconfigure-2.4.3.jar;C:\Users\Yury\.m2\repository\jakarta\annotation\jakarta.annotation-api\1.3.5\jakarta.annotation-api-1.3.5.jar;C:\Users\Yury\.m2\repository\org\yaml\snakeyaml\1.27\snakeyaml-1.27.jar;D:\IdeaProjects\RestApiBasics\persistence\target\classes;D:\IdeaProjects\RestApiBasics\model\target\classes;C:\Users\Yury\.m2\repository\javax\xml\bind\jaxb-api\2.3.1\jaxb-api-2.3.1.jar;C:\Users\Yury\.m2\repository\javax\activation\javax.activation-api\1.2.0\javax.activation-api-1.2.0.jar;C:\Users\Yury\.m2\repository\org\springframework\spring-jdbc\5.3.4\spring-jdbc-5.3.4.jar;C:\Users\Yury\.m2\repository\org\springframework\spring-tx\5.3.4\spring-tx-5.3.4.jar;C:\Users\Yury\.m2\repository\org\springframework\boot\spring-boot-starter-data-jpa\2.4.3\spring-boot-starter-data-jpa-2.4.3.jar;C:\Users\Yury\.m2\repository\org\springframework\boot\spring-boot-starter-aop\2.4.3\spring-boot-starter-aop-2.4.3.jar;C:\Users\Yury\.m2\repository\org\aspectj\aspectjweaver\1.9.6\aspectjweaver-1.9.6.jar;C:\Users\Yury\.m2\repository\org\springframework\boot\spring-boot-starter-jdbc\2.4.3\spring-boot-starter-jdbc-2.4.3.jar;C:\Users\Yury\.m2\repository\com\zaxxer\HikariCP\3.4.5\HikariCP-3.4.5.jar;C:\Users\Yury\.m2\repository\jakarta\transaction\jakarta.transaction-api\1.3.3\jakarta.transaction-api-1.3.3.jar;C:\Users\Yury\.m2\repository\jakarta\persistence\jakarta.persistence-api\2.2.3\jakarta.persistence-api-2.2.3.jar;C:\Users\Yury\.m2\repository\org\hibernate\hibernate-core\5.4.28.Final\hibernate-core-5.4.28.Final.jar;C:\Users\Yury\.m2\repository\org\javassist\
Launcher Type: SUN_STANDARD

[Global flags]
     bool BytecodeVerificationLocal                = false                                     {product} {command line}
     bool BytecodeVerificationRemote               = false                                     {product} {command line}
     intx CICompilerCount                          = 3                                         {product} {ergonomic}
     uint ConcGCThreads                            = 2                                         {product} {ergonomic}
     uint G1ConcRefinementThreads                  = 6                                         {product} {ergonomic}
   size_t G1HeapRegionSize                         = 1048576                                   {product} {ergonomic}
    uintx GCDrainStackTargetSize                   = 64                                        {product} {ergonomic}
   size_t InitialHeapSize                          = 123731968                                 {product} {ergonomic}
     bool ManagementServer                         = true                                      {product} {command line}
   size_t MarkStackSize                            = 4194304                                   {product} {ergonomic}
   size_t MaxHeapSize                              = 1977614336                                {product} {ergonomic}
   size_t MaxNewSize                               = 1185939456                                {product} {ergonomic}
   size_t MinHeapDeltaBytes                        = 1048576                                   {product} {ergonomic}
    uintx NonNMethodCodeHeapSize                   = 6973028                                {pd product} {ergonomic}
    uintx NonProfiledCodeHeapSize                  = 244685212                              {pd product} {ergonomic}
    uintx ProfiledCodeHeapSize                     = 0                                      {pd product} {ergonomic}
    uintx ReservedCodeCacheSize                    = 251658240                              {pd product} {ergonomic}
     bool SegmentedCodeCache                       = true                                      {product} {ergonomic}
     intx TieredStopAtLevel                        = 1                                         {product} {command line}
     bool UseCompressedClassPointers               = true                                 {lp64_product} {ergonomic}
     bool UseCompressedOops                        = true                                 {lp64_product} {ergonomic}
     bool UseG1GC                                  = true                                      {product} {ergonomic}
     bool UseLargePagesIndividualAllocation        = false                                  {pd product} {ergonomic}

Logging:
Log output configuration:
 #0: stdout all=warning uptime,level,tags
 #1: stderr all=off uptime,level,tags

Environment Variables:
PATH=C:\Program Files\Common Files\Oracle\Java\javapath;C:\Windows\system32;C:\Windows;C:\Windows\System32\Wbem;C:\Windows\System32\WindowsPowerShell\v1.0\;C:\Windows\System32\OpenSSH\;C:\Program Files\apache-maven-3.8.1\bin;c:\sonarqube-8.8.0.42792\bin\windows-x86-64\;C:\Gradle\gradle-7.0.2\bin;C:\Program Files\MySQL\MySQL Shell 8.0\bin\;C:\Users\Yury\AppData\Local\Microsoft\WindowsApps;C:\Program Files\apache-maven-3.8.1\bin;C:\Program Files\JetBrains\IntelliJ IDEA 2020.3.3\bin;;c:\sonarqube-8.8.0.42792\bin\;
USERNAME=Yury
OS=Windows_NT
PROCESSOR_IDENTIFIER=AMD64 Family 23 Model 96 Stepping 1, AuthenticAMD



---------------  S Y S T E M  ---------------

OS: Windows 10 , 64 bit Build 19041 (10.0.19041.928)

CPU:total 6 (initial active 6) (6 cores per cpu, 1 threads per core) family 23 model 96 stepping 1 microcode 0x0, cmov, cx8, fxsr, mmx, sse, sse2, sse3, ssse3, sse4.1, sse4.2, popcnt, avx, avx2, aes, clmul, mmxext, 3dnowpref, lzcnt, sse4a, tsc, tscinvbit, tscinv, bmi1, bmi2, adx, sha, 

Memory: 4k page, system-wide physical 7542M (662M free)
TotalPageFile size 19027M (AvailPageFile size 2184M)
current process WorkingSet (physical memory assigned to process): 272M, peak: 272M
current process commit charge ("private bytes"): 337M, peak: 337M

vm_info: Java HotSpot(TM) 64-Bit Server VM (11.0.11+9-LTS-194) for windows-amd64 JRE (11.0.11+9-LTS-194), built on Mar 18 2021 18:46:53 by "mach5one" with MS VC++ 15.9 (VS2017)

END.
