19/05/2021 18:02:54 TRACE - <Returning cached instance of singleton bean 'org.springframework.transaction.config.internalTransactionAdvisor'>
19/05/2021 18:02:54 TRACE - <Eagerly caching bean 'org.springframework.boot.autoconfigure.web.client.RestTemplateAutoConfiguration' to allow for resolving potential circular references>
19/05/2021 18:02:54 TRACE - <Returning cached instance of singleton bean 'org.springframework.transaction.config.internalTransactionAdvisor'>
19/05/2021 18:02:54 TRACE - <Returning cached instance of singleton bean 'org.springframework.transaction.config.internalTransactionAdvisor'>
19/05/2021 18:02:54 TRACE - <Finished creating instance of bean 'org.springframework.boot.autoconfigure.web.client.RestTemplateAutoConfiguration'>
19/05/2021 18:02:54 TRACE - <Returning cached instance of singleton bean 'org.springframework.boot.autoconfigure.web.embedded.EmbeddedWebServerFactoryCustomizerAutoConfiguration$TomcatWebServerFactoryCustomizerConfiguration'>
19/05/2021 18:02:54 TRACE - <Returning cached instance of singleton bean 'tomcatWebServerFactoryCustomizer'>
19/05/2021 18:02:54 DEBUG - <Creating shared instance of singleton bean 'org.springframework.boot.autoconfigure.web.embedded.EmbeddedWebServerFactoryCustomizerAutoConfiguration'>
19/05/2021 18:02:54 TRACE - <Creating instance of bean 'org.springframework.boot.autoconfigure.web.embedded.EmbeddedWebServerFactoryCustomizerAutoConfiguration'>
19/05/2021 18:02:54 TRACE - <Returning cached instance of singleton bean 'org.springframework.transaction.config.internalTransactionAdvisor'>
19/05/2021 18:02:54 TRACE - <Eagerly caching bean 'org.springframework.boot.autoconfigure.web.embedded.EmbeddedWebServerFactoryCustomizerAutoConfiguration' to allow for resolving potential circular references>
19/05/2021 18:02:54 TRACE - <Returning cached instance of singleton bean 'org.springframework.transaction.config.internalTransactionAdvisor'>
19/05/2021 18:02:54 TRACE - <Returning cached instance of singleton bean 'org.springframework.transaction.config.internalTransactionAdvisor'>
19/05/2021 18:02:54 TRACE - <Finished creating instance of bean 'org.springframework.boot.autoconfigure.web.embedded.EmbeddedWebServerFactoryCustomizerAutoConfiguration'>
19/05/2021 18:02:54 TRACE - <Returning cached instance of singleton bean 'org.springframework.boot.autoconfigure.web.servlet.HttpEncodingAutoConfiguration'>
19/05/2021 18:02:54 TRACE - <Returning cached instance of singleton bean 'characterEncodingFilter'>
19/05/2021 18:02:54 TRACE - <Returning cached instance of singleton bean 'localeCharsetMappingsCustomizer'>
19/05/2021 18:02:54 TRACE - <Returning cached instance of singleton bean 'org.springframework.boot.autoconfigure.web.servlet.MultipartAutoConfiguration'>
19/05/2021 18:02:54 TRACE - <Returning cached instance of singleton bean 'multipartConfigElement'>
19/05/2021 18:02:54 DEBUG - <Creating shared instance of singleton bean 'multipartResolver'>
19/05/2021 18:02:54 TRACE - <Creating instance of bean 'multipartResolver'>
19/05/2021 18:02:54 TRACE - <Returning cached instance of singleton bean 'org.springframework.transaction.config.internalTransactionAdvisor'>
19/05/2021 18:02:54 TRACE - <Returning cached instance of singleton bean 'org.springframework.boot.autoconfigure.web.servlet.MultipartAutoConfiguration'>
19/05/2021 18:02:54 TRACE - <Eagerly caching bean 'multipartResolver' to allow for resolving potential circular references>
19/05/2021 18:02:54 TRACE - <Returning cached instance of singleton bean 'org.springframework.transaction.config.internalTransactionAdvisor'>
19/05/2021 18:02:54 TRACE - <Returning cached instance of singleton bean 'org.springframework.transaction.config.internalTransactionAdvisor'>
19/05/2021 18:02:54 TRACE - <Finished creating instance of bean 'multipartResolver'>
19/05/2021 18:02:54 TRACE - <Returning cached instance of singleton bean 'spring.servlet.multipart-org.springframework.boot.autoconfigure.web.servlet.MultipartProperties'>
19/05/2021 18:02:54 TRACE - <No @EventListener annotations found on bean class: com.epam.esm.web.RestappApplication$$EnhancerBySpringCGLIB$$8ab7888d>
19/05/2021 18:02:54 TRACE - <No @EventListener annotations found on bean class: com.epam.esm.web.controller.CertificateController>
19/05/2021 18:02:54 TRACE - <No @EventListener annotations found on bean class: com.epam.esm.web.controller.TagController>
19/05/2021 18:02:54 TRACE - <No @EventListener annotations found on bean class: com.epam.esm.web.controller.UserController>
19/05/2021 18:02:54 TRACE - <No @EventListener annotations found on bean class: com.epam.esm.web.dto.certificate.CertificateDTOMapper>
19/05/2021 18:02:54 TRACE - <No @EventListener annotations found on bean class: com.epam.esm.web.dto.order.OrderDTOMapper>
19/05/2021 18:02:54 TRACE - <No @EventListener annotations found on bean class: com.epam.esm.web.dto.tag.TagDTOMapper>
19/05/2021 18:02:54 TRACE - <No @EventListener annotations found on bean class: com.epam.esm.web.dto.user.UserDTOMapper>
19/05/2021 18:02:54 TRACE - <No @EventListener annotations found on bean class: com.epam.esm.web.exceptionhandler.ControllerExceptionHandler>
19/05/2021 18:02:54 TRACE - <No @EventListener annotations found on bean class: com.epam.esm.service.service.certificate.CertificateServiceImpl$$EnhancerBySpringCGLIB$$22ef80>
19/05/2021 18:02:54 TRACE - <No @EventListener annotations found on bean class: com.epam.esm.service.service.order.OrderServiceImpl$$EnhancerBySpringCGLIB$$a5c07c48>
19/05/2021 18:02:54 TRACE - <No @EventListener annotations found on bean class: com.epam.esm.service.service.tag.TagServiceImpl$$EnhancerBySpringCGLIB$$6b749e8>
19/05/2021 18:02:54 TRACE - <No @EventListener annotations found on bean class: com.epam.esm.service.service.user.UserServiceImpl$$EnhancerBySpringCGLIB$$2c43f0c8>
19/05/2021 18:02:54 TRACE - <No @EventListener annotations found on bean class: com.epam.esm.service.validator.CertificateValidator>
19/05/2021 18:02:54 TRACE - <No @EventListener annotations found on bean class: com.epam.esm.service.validator.OrderValidator>
19/05/2021 18:02:54 TRACE - <No @EventListener annotations found on bean class: com.epam.esm.service.validator.TagValidator>
19/05/2021 18:02:54 TRACE - <No @EventListener annotations found on bean class: com.epam.esm.service.validator.UserValidator>
19/05/2021 18:02:54 TRACE - <No @EventListener annotations found on bean class: com.epam.esm.persistence.dao.certificate.CertificateDAOImpl>
19/05/2021 18:02:54 TRACE - <No @EventListener annotations found on bean class: com.epam.esm.persistence.dao.order.OrderDAOImpl>
19/05/2021 18:02:54 TRACE - <No @EventListener annotations found on bean class: com.epam.esm.persistence.dao.tag.TagDAOImpl>
19/05/2021 18:02:54 TRACE - <No @EventListener annotations found on bean class: com.epam.esm.persistence.dao.user.UserDAOImpl>
19/05/2021 18:02:54 TRACE - <No @EventListener annotations found on bean class: com.epam.esm.persistence.util.finder.impl.CertificateFinder>
19/05/2021 18:02:54 TRACE - <No @EventListener annotations found on bean class: com.epam.esm.persistence.util.finder.impl.OrderFinder>
19/05/2021 18:02:54 TRACE - <No @EventListener annotations found on bean class: com.epam.esm.persistence.util.finder.impl.TagFinder>
19/05/2021 18:02:54 TRACE - <No @EventListener annotations found on bean class: com.epam.esm.persistence.util.finder.impl.UserFinder>
19/05/2021 18:02:54 TRACE - <No @EventListener annotations found on bean class: com.epam.esm.model.ModelConfig$$EnhancerBySpringCGLIB$$3abaccc4>
19/05/2021 18:02:54 TRACE - <No @EventListener annotations found on bean class: com.epam.esm.PersistenceConfig$$EnhancerBySpringCGLIB$$36843070>
19/05/2021 18:02:54 TRACE - <No @EventListener annotations found on bean class: com.epam.esm.service.ServiceConfig$$EnhancerBySpringCGLIB$$17e929c>
19/05/2021 18:02:54 TRACE - <No @EventListener annotations found on bean class: org.modelmapper.ModelMapper>
19/05/2021 18:02:54 TRACE - <No @EventListener annotations found on bean class: org.springframework.boot.autoconfigure.context.PropertyPlaceholderAutoConfiguration>
19/05/2021 18:02:54 TRACE - <No @EventListener annotations found on bean class: org.springframework.boot.autoconfigure.websocket.servlet.WebSocketServletAutoConfiguration$TomcatWebSocketConfiguration>
19/05/2021 18:02:54 TRACE - <No @EventListener annotations found on bean class: org.springframework.boot.autoconfigure.websocket.servlet.WebSocketServletAutoConfiguration>
19/05/2021 18:02:54 TRACE - <No @EventListener annotations found on bean class: org.springframework.boot.autoconfigure.web.servlet.ServletWebServerFactoryConfiguration$EmbeddedTomcat>
19/05/2021 18:02:54 TRACE - <No @EventListener annotations found on bean class: org.springframework.boot.autoconfigure.web.servlet.ServletWebServerFactoryAutoConfiguration>
19/05/2021 18:02:54 TRACE - <No @EventListener annotations found on bean class: org.springframework.boot.autoconfigure.web.servlet.DispatcherServletAutoConfiguration$DispatcherServletConfiguration>
19/05/2021 18:02:54 TRACE - <No @EventListener annotations found on bean class: org.springframework.boot.autoconfigure.web.servlet.DispatcherServletAutoConfiguration$DispatcherServletRegistrationConfiguration>
19/05/2021 18:02:54 TRACE - <No @EventListener annotations found on bean class: org.springframework.boot.autoconfigure.web.servlet.DispatcherServletAutoConfiguration>
19/05/2021 18:02:54 TRACE - <No @EventListener annotations found on bean class: org.springframework.boot.autoconfigure.task.TaskExecutionAutoConfiguration>
19/05/2021 18:02:54 TRACE - <No @EventListener annotations found on bean class: org.springframework.boot.autoconfigure.web.servlet.error.ErrorMvcAutoConfiguration$WhitelabelErrorViewConfiguration>
19/05/2021 18:02:54 TRACE - <No @EventListener annotations found on bean class: org.springframework.boot.autoconfigure.web.servlet.error.ErrorMvcAutoConfiguration$DefaultErrorViewResolverConfiguration>
19/05/2021 18:02:54 TRACE - <No @EventListener annotations found on bean class: org.springframework.boot.autoconfigure.web.servlet.error.ErrorMvcAutoConfiguration>
19/05/2021 18:02:54 TRACE - <No @EventListener annotations found on bean class: org.springframework.boot.autoconfigure.web.servlet.error.BasicErrorController>
19/05/2021 18:02:54 TRACE - <No @EventListener annotations found on bean class: org.springframework.boot.autoconfigure.web.servlet.WebMvcAutoConfiguration$EnableWebMvcConfiguration>
19/05/2021 18:02:54 TRACE - <No @EventListener annotations found on bean class: org.springframework.boot.autoconfigure.web.servlet.WebMvcAutoConfiguration$WebMvcAutoConfigurationAdapter>
19/05/2021 18:02:54 TRACE - <No @EventListener annotations found on bean class: org.springframework.boot.autoconfigure.web.servlet.WebMvcAutoConfiguration>
19/05/2021 18:02:54 TRACE - <No @EventListener annotations found on bean class: org.springframework.boot.autoconfigure.jmx.JmxAutoConfiguration>
19/05/2021 18:02:54 TRACE - <No @EventListener annotations found on bean class: com.sun.jmx.mbeanserver.JmxMBeanServer>
19/05/2021 18:02:54 TRACE - <No @EventListener annotations found on bean class: org.springframework.boot.autoconfigure.admin.SpringApplicationAdminJmxAutoConfiguration>
19/05/2021 18:02:54 TRACE - <No @EventListener annotations found on bean class: org.springframework.boot.autoconfigure.aop.AopAutoConfiguration$AspectJAutoProxyingConfiguration$CglibAutoProxyConfiguration>
19/05/2021 18:02:54 TRACE - <No @EventListener annotations found on bean class: org.springframework.boot.autoconfigure.aop.AopAutoConfiguration$AspectJAutoProxyingConfiguration>
19/05/2021 18:02:54 TRACE - <No @EventListener annotations found on bean class: org.springframework.boot.autoconfigure.aop.AopAutoConfiguration>
19/05/2021 18:02:54 TRACE - <No @EventListener annotations found on bean class: org.springframework.boot.autoconfigure.availability.ApplicationAvailabilityAutoConfiguration>
19/05/2021 18:02:54 TRACE - <No @EventListener annotations found on bean class: org.springframework.boot.autoconfigure.transaction.jta.JtaAutoConfiguration>
19/05/2021 18:02:54 TRACE - <No @EventListener annotations found on bean class: org.springframework.boot.autoconfigure.jdbc.DataSourceConfiguration$Hikari>
19/05/2021 18:02:54 TRACE - <No @EventListener annotations found on bean class: com.zaxxer.hikari.HikariDataSource>
19/05/2021 18:02:54 TRACE - <No @EventListener annotations found on bean class: org.springframework.boot.autoconfigure.jdbc.DataSourceJmxConfiguration$Hikari>
19/05/2021 18:02:54 TRACE - <No @EventListener annotations found on bean class: org.springframework.boot.autoconfigure.jdbc.DataSourceJmxConfiguration>
19/05/2021 18:02:54 TRACE - <No @EventListener annotations found on bean class: org.springframework.boot.autoconfigure.jdbc.DataSourceAutoConfiguration$PooledDataSourceConfiguration>
19/05/2021 18:02:54 TRACE - <No @EventListener annotations found on bean class: org.springframework.boot.autoconfigure.jdbc.metadata.DataSourcePoolMetadataProvidersConfiguration$HikariPoolDataSourceMetadataProviderConfiguration>
19/05/2021 18:02:54 TRACE - <No @EventListener annotations found on bean class: org.springframework.boot.autoconfigure.jdbc.metadata.DataSourcePoolMetadataProvidersConfiguration>
19/05/2021 18:02:54 TRACE - <No @EventListener annotations found on bean class: org.springframework.boot.autoconfigure.jdbc.DataSourceInitializationConfiguration>
19/05/2021 18:02:54 TRACE - <No @EventListener annotations found on bean class: org.springframework.boot.autoconfigure.jdbc.DataSourceAutoConfiguration>
19/05/2021 18:02:54 TRACE - <No @EventListener annotations found on bean class: org.springframework.boot.autoconfigure.orm.jpa.JpaBaseConfiguration$JpaWebConfiguration>
19/05/2021 18:02:54 TRACE - <No @EventListener annotations found on bean class: org.springframework.boot.autoconfigure.orm.jpa.HibernateJpaConfiguration>
19/05/2021 18:02:54 TRACE - <No @EventListener annotations found on bean class: com.sun.proxy.$Proxy87>
19/05/2021 18:02:54 TRACE - <No @EventListener annotations found on bean class: org.springframework.boot.autoconfigure.orm.jpa.HibernateJpaAutoConfiguration>
19/05/2021 18:02:54 TRACE - <No @EventListener annotations found on bean class: org.springframework.boot.autoconfigure.context.ConfigurationPropertiesAutoConfiguration>
19/05/2021 18:02:54 TRACE - <No @EventListener annotations found on bean class: org.springframework.boot.autoconfigure.context.LifecycleAutoConfiguration>
19/05/2021 18:02:54 TRACE - <No @EventListener annotations found on bean class: org.springframework.boot.autoconfigure.dao.PersistenceExceptionTranslationAutoConfiguration>
19/05/2021 18:02:54 TRACE - <No @EventListener annotations found on bean class: org.springframework.boot.autoconfigure.data.jpa.JpaRepositoriesAutoConfiguration>
19/05/2021 18:02:54 TRACE - <No @EventListener annotations found on bean class: org.springframework.boot.autoconfigure.jackson.JacksonAutoConfiguration$Jackson2ObjectMapperBuilderCustomizerConfiguration>
19/05/2021 18:02:54 TRACE - <No @EventListener annotations found on bean class: org.springframework.boot.autoconfigure.jackson.JacksonAutoConfiguration$JacksonObjectMapperBuilderConfiguration>
19/05/2021 18:02:54 TRACE - <No @EventListener annotations found on bean class: org.springframework.boot.autoconfigure.jackson.JacksonAutoConfiguration$ParameterNamesModuleConfiguration>
19/05/2021 18:02:54 TRACE - <No @EventListener annotations found on bean class: com.fasterxml.jackson.module.paramnames.ParameterNamesModule>
19/05/2021 18:02:54 TRACE - <No @EventListener annotations found on bean class: org.springframework.boot.autoconfigure.jackson.JacksonAutoConfiguration$JacksonObjectMapperConfiguration>
19/05/2021 18:02:54 TRACE - <No @EventListener annotations found on bean class: com.fasterxml.jackson.databind.ObjectMapper>
19/05/2021 18:02:54 TRACE - <No @EventListener annotations found on bean class: org.springframework.boot.autoconfigure.jackson.JacksonAutoConfiguration>
19/05/2021 18:02:54 TRACE - <No @EventListener annotations found on bean class: org.springframework.boot.autoconfigure.http.HttpMessageConvertersAutoConfiguration$StringHttpMessageConverterConfiguration>
19/05/2021 18:02:54 TRACE - <No @EventListener annotations found on bean class: org.springframework.boot.autoconfigure.http.JacksonHttpMessageConvertersConfiguration$MappingJackson2HttpMessageConverterConfiguration>
19/05/2021 18:02:54 TRACE - <No @EventListener annotations found on bean class: org.springframework.boot.autoconfigure.http.JacksonHttpMessageConvertersConfiguration>
19/05/2021 18:02:54 TRACE - <No @EventListener annotations found on bean class: org.springframework.boot.autoconfigure.http.HttpMessageConvertersAutoConfiguration>
19/05/2021 18:02:54 TRACE - <No @EventListener annotations found on bean class: org.springframework.data.web.config.ProjectingArgumentResolverRegistrar>
19/05/2021 18:02:54 TRACE - <No @EventListener annotations found on bean class: org.springframework.data.web.config.HateoasAwareSpringDataWebConfiguration>
19/05/2021 18:02:54 TRACE - <No @EventListener annotations found on bean class: org.springframework.boot.autoconfigure.data.web.SpringDataWebAutoConfiguration>
19/05/2021 18:02:54 TRACE - <No @EventListener annotations found on bean class: org.springframework.hateoas.mediatype.hal.HalMediaTypeConfiguration>
19/05/2021 18:02:54 TRACE - <No @EventListener annotations found on bean class: org.springframework.hateoas.config.HateoasConfiguration>
19/05/2021 18:02:54 TRACE - <No @EventListener annotations found on bean class: org.springframework.hateoas.config.WebMvcEntityLinksConfiguration>
19/05/2021 18:02:54 TRACE - <No @EventListener annotations found on bean class: org.springframework.hateoas.config.WebMvcHateoasConfiguration>
19/05/2021 18:02:54 TRACE - <No @EventListener annotations found on bean class: org.springframework.hateoas.config.RestTemplateHateoasConfiguration>
19/05/2021 18:02:54 TRACE - <No @EventListener annotations found on bean class: org.springframework.boot.autoconfigure.hateoas.HypermediaAutoConfiguration$HypermediaConfiguration>
19/05/2021 18:02:54 TRACE - <No @EventListener annotations found on bean class: org.springframework.boot.autoconfigure.hateoas.HypermediaHttpMessageConverterConfiguration>
19/05/2021 18:02:54 TRACE - <No @EventListener annotations found on bean class: org.springframework.boot.autoconfigure.hateoas.HypermediaAutoConfiguration>
19/05/2021 18:02:54 TRACE - <No @EventListener annotations found on bean class: org.springframework.boot.autoconfigure.info.ProjectInfoAutoConfiguration>
19/05/2021 18:02:54 TRACE - <No @EventListener annotations found on bean class: org.springframework.boot.autoconfigure.jdbc.JdbcTemplateConfiguration>
19/05/2021 18:02:54 TRACE - <No @EventListener annotations found on bean class: org.springframework.boot.autoconfigure.jdbc.NamedParameterJdbcTemplateConfiguration>
19/05/2021 18:02:54 TRACE - <No @EventListener annotations found on bean class: org.springframework.boot.autoconfigure.jdbc.JdbcTemplateAutoConfiguration>
19/05/2021 18:02:54 TRACE - <No @EventListener annotations found on bean class: org.springframework.boot.autoconfigure.task.TaskSchedulingAutoConfiguration>
19/05/2021 18:02:54 TRACE - <No @EventListener annotations found on bean class: org.springframework.boot.autoconfigure.jdbc.DataSourceTransactionManagerAutoConfiguration$JdbcTransactionManagerConfiguration>
19/05/2021 18:02:54 TRACE - <No @EventListener annotations found on bean class: org.springframework.boot.autoconfigure.jdbc.DataSourceTransactionManagerAutoConfiguration>
19/05/2021 18:02:54 TRACE - <No @EventListener annotations found on bean class: org.springframework.transaction.annotation.ProxyTransactionManagementConfiguration>
19/05/2021 18:02:54 TRACE - <No @EventListener annotations found on bean class: org.springframework.boot.autoconfigure.transaction.TransactionAutoConfiguration$EnableTransactionManagementConfiguration$CglibAutoProxyConfiguration>
19/05/2021 18:02:54 TRACE - <No @EventListener annotations found on bean class: org.springframework.boot.autoconfigure.transaction.TransactionAutoConfiguration$EnableTransactionManagementConfiguration>
19/05/2021 18:02:54 TRACE - <No @EventListener annotations found on bean class: org.springframework.boot.autoconfigure.transaction.TransactionAutoConfiguration$TransactionTemplateConfiguration>
19/05/2021 18:02:54 TRACE - <No @EventListener annotations found on bean class: org.springframework.boot.autoconfigure.transaction.TransactionAutoConfiguration>
19/05/2021 18:02:54 TRACE - <No @EventListener annotations found on bean class: org.springframework.boot.autoconfigure.web.client.RestTemplateAutoConfiguration>
19/05/2021 18:02:54 TRACE - <No @EventListener annotations found on bean class: org.springframework.boot.autoconfigure.web.embedded.EmbeddedWebServerFactoryCustomizerAutoConfiguration$TomcatWebServerFactoryCustomizerConfiguration>
19/05/2021 18:02:54 TRACE - <No @EventListener annotations found on bean class: org.springframework.boot.autoconfigure.web.embedded.EmbeddedWebServerFactoryCustomizerAutoConfiguration>
19/05/2021 18:02:54 TRACE - <No @EventListener annotations found on bean class: org.springframework.boot.autoconfigure.web.servlet.HttpEncodingAutoConfiguration>
19/05/2021 18:02:54 TRACE - <No @EventListener annotations found on bean class: org.springframework.boot.autoconfigure.web.servlet.MultipartAutoConfiguration>
19/05/2021 18:02:54 TRACE - <No @EventListener annotations found on bean class: javax.servlet.MultipartConfigElement>
19/05/2021 18:02:54 TRACE - <No @EventListener annotations found on bean class: javax.persistence.EntityManager>
19/05/2021 18:02:54 TRACE - <No @EventListener annotations found on bean class: org.apache.catalina.core.ApplicationContextFacade>
19/05/2021 18:02:54 DEBUG - <Registering beans for JMX exposure on startup>
19/05/2021 18:02:54 DEBUG - <Autodetecting user-defined JMX MBeans>
19/05/2021 18:02:54 TRACE - <Returning cached instance of singleton bean 'dataSource'>
19/05/2021 18:02:54 DEBUG - <Bean with name 'dataSource' has been autodetected for JMX exposure>
19/05/2021 18:02:54 TRACE - <Returning cached instance of singleton bean 'dataSource'>
19/05/2021 18:02:54 DEBUG - <Located MBean 'dataSource': registering with JMX server as MBean [com.zaxxer.hikari:name=dataSource,type=HikariDataSource]>
19/05/2021 18:02:54 TRACE - <Returning cached instance of singleton bean 'lifecycleProcessor'>
19/05/2021 18:02:54 TRACE - <Using LifecycleProcessor [org.springframework.context.support.DefaultLifecycleProcessor@229d508c]>
19/05/2021 18:02:54 TRACE - <Returning cached instance of singleton bean 'lifecycleProcessor'>
19/05/2021 18:02:54 TRACE - <Returning cached instance of singleton bean 'webServerGracefulShutdown'>
19/05/2021 18:02:54 TRACE - <Returning cached instance of singleton bean 'webServerStartStop'>
19/05/2021 18:02:54 DEBUG - <Starting beans in phase 2147483646>
19/05/2021 18:02:54 TRACE - <Starting bean 'webServerStartStop' of type [org.springframework.boot.web.servlet.context.WebServerStartStopLifecycle]>
19/05/2021 18:02:54  INFO - <Tomcat started on port(s): 8081 (http) with context path ''>
19/05/2021 18:02:54 TRACE - <Returning cached instance of singleton bean 'springApplicationAdminRegistrar'>
19/05/2021 18:02:54 DEBUG - <Successfully started bean 'webServerStartStop'>
19/05/2021 18:02:54 DEBUG - <Starting beans in phase 2147483647>
19/05/2021 18:02:54 TRACE - <Starting bean 'webServerGracefulShutdown' of type [org.springframework.boot.web.servlet.context.WebServerGracefulShutdownLifecycle]>
19/05/2021 18:02:54 DEBUG - <Successfully started bean 'webServerGracefulShutdown'>
19/05/2021 18:02:54 TRACE - <Returning cached instance of singleton bean 'org.springframework.boot.autoconfigure.internalCachingMetadataReaderFactory'>
19/05/2021 18:02:54 TRACE - <Returning cached instance of singleton bean 'mvcResourceUrlProvider'>
19/05/2021 18:02:54 TRACE - <Returning cached instance of singleton bean 'springApplicationAdminRegistrar'>
19/05/2021 18:02:54 TRACE - <Returning cached instance of singleton bean 'org.springframework.boot.autoconfigure.orm.jpa.DataSourceInitializedPublisher$DataSourceInitializationCompletionListener'>
19/05/2021 18:02:54 TRACE - <Returning cached instance of singleton bean 'relProviderPluginRegistry'>
19/05/2021 18:02:54 TRACE - <Returning cached instance of singleton bean 'entityLinksPluginRegistry'>
19/05/2021 18:02:54 DEBUG - <


============================
CONDITIONS EVALUATION REPORT
============================


Positive matches:
-----------------

   AopAutoConfiguration matched:
      - @ConditionalOnProperty (spring.aop.auto=true) matched (OnPropertyCondition)

   AopAutoConfiguration.AspectJAutoProxyingConfiguration matched:
      - @ConditionalOnClass found required class 'org.aspectj.weaver.Advice' (OnClassCondition)

   AopAutoConfiguration.AspectJAutoProxyingConfiguration.CglibAutoProxyConfiguration matched:
      - @ConditionalOnProperty (spring.aop.proxy-target-class=true) matched (OnPropertyCondition)

   DataSourceAutoConfiguration matched:
      - @ConditionalOnClass found required classes 'javax.sql.DataSource', 'org.springframework.jdbc.datasource.embedded.EmbeddedDatabaseType' (OnClassCondition)
      - @ConditionalOnMissingBean (types: io.r2dbc.spi.ConnectionFactory; SearchStrategy: all) did not find any beans (OnBeanCondition)

   DataSourceAutoConfiguration.PooledDataSourceConfiguration matched:
      - AnyNestedCondition 1 matched 1 did not; NestedCondition on DataSourceAutoConfiguration.PooledDataSourceCondition.PooledDataSourceAvailable PooledDataSource found supported DataSource; NestedCondition on DataSourceAutoConfiguration.PooledDataSourceCondition.ExplicitType @ConditionalOnProperty (spring.datasource.type) did not find property 'type' (DataSourceAutoConfiguration.PooledDataSourceCondition)
      - @ConditionalOnMissingBean (types: javax.sql.DataSource,javax.sql.XADataSource; SearchStrategy: all) did not find any beans (OnBeanCondition)

   DataSourceConfiguration.Hikari matched:
      - @ConditionalOnClass found required class 'com.zaxxer.hikari.HikariDataSource' (OnClassCondition)
      - @ConditionalOnProperty (spring.datasource.type=com.zaxxer.hikari.HikariDataSource) matched (OnPropertyCondition)
      - @ConditionalOnMissingBean (types: javax.sql.DataSource; SearchStrategy: all) did not find any beans (OnBeanCondition)

   DataSourceJmxConfiguration matched:
      - @ConditionalOnProperty (spring.jmx.enabled=true) matched (OnPropertyCondition)

   DataSourceJmxConfiguration.Hikari matched:
      - @ConditionalOnClass found required class 'com.zaxxer.hikari.HikariDataSource' (OnClassCondition)
      - @ConditionalOnSingleCandidate (types: javax.sql.DataSource; SearchStrategy: all) found a primary bean from beans 'dataSource' (OnBeanCondition)

   DataSourcePoolMetadataProvidersConfiguration.HikariPoolDataSourceMetadataProviderConfiguration matched:
      - @ConditionalOnClass found required class 'com.zaxxer.hikari.HikariDataSource' (OnClassCondition)

   DataSourceTransactionManagerAutoConfiguration matched:
      - @ConditionalOnClass found required classes 'org.springframework.jdbc.core.JdbcTemplate', 'org.springframework.transaction.TransactionManager' (OnClassCondition)

   DataSourceTransactionManagerAutoConfiguration.JdbcTransactionManagerConfiguration matched:
      - @ConditionalOnSingleCandidate (types: javax.sql.DataSource; SearchStrategy: all) found a primary bean from beans 'dataSource' (OnBeanCondition)

   DispatcherServletAutoConfiguration matched:
      - @ConditionalOnClass found required class 'org.springframework.web.servlet.DispatcherServlet' (OnClassCondition)
      - found 'session' scope (OnWebApplicationCondition)

   DispatcherServletAutoConfiguration.DispatcherServletConfiguration matched:
      - @ConditionalOnClass found required class 'javax.servlet.ServletRegistration' (OnClassCondition)
      - Default DispatcherServlet did not find dispatcher servlet beans (DispatcherServletAutoConfiguration.DefaultDispatcherServletCondition)

   DispatcherServletAutoConfiguration.DispatcherServletRegistrationConfiguration matched:
      - @ConditionalOnClass found required class 'javax.servlet.ServletRegistration' (OnClassCondition)
      - DispatcherServlet Registration did not find servlet registration bean (DispatcherServletAutoConfiguration.DispatcherServletRegistrationCondition)

   DispatcherServletAutoConfiguration.DispatcherServletRegistrationConfiguration#dispatcherServletRegistration matched:
      - @ConditionalOnBean (names: dispatcherServlet types: org.springframework.web.servlet.DispatcherServlet; SearchStrategy: all) found bean 'dispatcherServlet' (OnBeanCondition)

   EmbeddedWebServerFactoryCustomizerAutoConfiguration matched:
      - @ConditionalOnWebApplication (required) found 'session' scope (OnWebApplicationCondition)

   EmbeddedWebServerFactoryCustomizerAutoConfiguration.TomcatWebServerFactoryCustomizerConfiguration matched:
      - @ConditionalOnClass found required classes 'org.apache.catalina.startup.Tomcat', 'org.apache.coyote.UpgradeProtocol' (OnClassCondition)

   ErrorMvcAutoConfiguration matched:
      - @ConditionalOnClass found required classes 'javax.servlet.Servlet', 'org.springframework.web.servlet.DispatcherServlet' (OnClassCondition)
      - found 'session' scope (OnWebApplicationCondition)

   ErrorMvcAutoConfiguration#basicErrorController matched:
      - @ConditionalOnMissingBean (types: org.springframework.boot.web.servlet.error.ErrorController; SearchStrategy: current) did not find any beans (OnBeanCondition)

   ErrorMvcAutoConfiguration#errorAttributes matched:
      - @ConditionalOnMissingBean (types: org.springframework.boot.web.servlet.error.ErrorAttributes; SearchStrategy: current) did not find any beans (OnBeanCondition)

   ErrorMvcAutoConfiguration.DefaultErrorViewResolverConfiguration#conventionErrorViewResolver matched:
      - @ConditionalOnBean (types: org.springframework.web.servlet.DispatcherServlet; SearchStrategy: all) found bean 'dispatcherServlet'; @ConditionalOnMissingBean (types: org.springframework.boot.autoconfigure.web.servlet.error.ErrorViewResolver; SearchStrategy: all) did not find any beans (OnBeanCondition)

   ErrorMvcAutoConfiguration.WhitelabelErrorViewConfiguration matched:
      - @ConditionalOnProperty (server.error.whitelabel.enabled) matched (OnPropertyCondition)
      - ErrorTemplate Missing did not find error template view (ErrorMvcAutoConfiguration.ErrorTemplateMissingCondition)

   ErrorMvcAutoConfiguration.WhitelabelErrorViewConfiguration#beanNameViewResolver matched:
      - @ConditionalOnMissingBean (types: org.springframework.web.servlet.view.BeanNameViewResolver; SearchStrategy: all) did not find any beans (OnBeanCondition)

   ErrorMvcAutoConfiguration.WhitelabelErrorViewConfiguration#defaultErrorView matched:
      - @ConditionalOnMissingBean (names: error; SearchStrategy: all) did not find any beans (OnBeanCondition)

   GenericCacheConfiguration matched:
      - Cache org.springframework.boot.autoconfigure.cache.GenericCacheConfiguration automatic cache type (CacheCondition)

   HibernateJpaAutoConfiguration matched:
      - @ConditionalOnClass found required classes 'org.springframework.orm.jpa.LocalContainerEntityManagerFactoryBean', 'javax.persistence.EntityManager', 'org.hibernate.engine.spi.SessionImplementor' (OnClassCondition)

   HibernateJpaConfiguration matched:
      - @ConditionalOnSingleCandidate (types: javax.sql.DataSource; SearchStrategy: all) found a primary bean from beans 'dataSource' (OnBeanCondition)

   HttpEncodingAutoConfiguration matched:
      - @ConditionalOnClass found required class 'org.springframework.web.filter.CharacterEncodingFilter' (OnClassCondition)
      - found 'session' scope (OnWebApplicationCondition)
      - @ConditionalOnProperty (server.servlet.encoding.enabled) matched (OnPropertyCondition)

   HttpEncodingAutoConfiguration#characterEncodingFilter matched:
      - @ConditionalOnMissingBean (types: org.springframework.web.filter.CharacterEncodingFilter; SearchStrategy: all) did not find any beans (OnBeanCondition)

   HttpMessageConvertersAutoConfiguration matched:
      - @ConditionalOnClass found required class 'org.springframework.http.converter.HttpMessageConverter' (OnClassCondition)
      - NoneNestedConditions 0 matched 1 did not; NestedCondition on HttpMessageConvertersAutoConfiguration.NotReactiveWebApplicationCondition.ReactiveWebApplication did not find reactive web application classes (HttpMessageConvertersAutoConfiguration.NotReactiveWebApplicationCondition)

   HttpMessageConvertersAutoConfiguration#messageConverters matched:
      - @ConditionalOnMissingBean (types: org.springframework.boot.autoconfigure.http.HttpMessageConverters; SearchStrategy: all) did not find any beans (OnBeanCondition)

   HttpMessageConvertersAutoConfiguration.StringHttpMessageConverterConfiguration matched:
      - @ConditionalOnClass found required class 'org.springframework.http.converter.StringHttpMessageConverter' (OnClassCondition)

   HttpMessageConvertersAutoConfiguration.StringHttpMessageConverterConfiguration#stringHttpMessageConverter matched:
      - @ConditionalOnMissingBean (types: org.springframework.http.converter.StringHttpMessageConverter; SearchStrategy: all) did not find any beans (OnBeanCondition)

   HypermediaAutoConfiguration matched:
      - @ConditionalOnClass found required classes 'org.springframework.hateoas.EntityModel', 'org.springframework.web.bind.annotation.RequestMapping', 'org.springframework.web.servlet.mvc.method.annotation.RequestMappingHandlerAdapter', 'org.springframework.plugin.core.Plugin' (OnClassCondition)
      - @ConditionalOnWebApplication (required) found 'session' scope (OnWebApplicationCondition)

   HypermediaAutoConfiguration.HypermediaConfiguration matched:
      - @ConditionalOnClass found required class 'com.fasterxml.jackson.databind.ObjectMapper' (OnClassCondition)
      - @ConditionalOnMissingBean (types: org.springframework.hateoas.client.LinkDiscoverers; SearchStrategy: all) did not find any beans (OnBeanCondition)

   HypermediaHttpMessageConverterConfiguration#halMessageConverterSupportedMediaTypeCustomizer matched:
      - @ConditionalOnProperty (spring.hateoas.use-hal-as-default-json-media-type) matched (OnPropertyCondition)

   JacksonAutoConfiguration matched:
      - @ConditionalOnClass found required class 'com.fasterxml.jackson.databind.ObjectMapper' (OnClassCondition)

   JacksonAutoConfiguration.Jackson2ObjectMapperBuilderCustomizerConfiguration matched:
      - @ConditionalOnClass found required class 'org.springframework.http.converter.json.Jackson2ObjectMapperBuilder' (OnClassCondition)

   JacksonAutoConfiguration.JacksonObjectMapperBuilderConfiguration matched:
      - @ConditionalOnClass found required class 'org.springframework.http.converter.json.Jackson2ObjectMapperBuilder' (OnClassCondition)

   JacksonAutoConfiguration.JacksonObjectMapperBuilderConfiguration#jacksonObjectMapperBuilder matched:
      - @ConditionalOnMissingBean (types: org.springframework.http.converter.json.Jackson2ObjectMapperBuilder; SearchStrategy: all) did not find any beans (OnBeanCondition)

   JacksonAutoConfiguration.JacksonObjectMapperConfiguration matched:
      - @ConditionalOnClass found required class 'org.springframework.http.converter.json.Jackson2ObjectMapperBuilder' (OnClassCondition)

   JacksonAutoConfiguration.JacksonObjectMapperConfiguration#jacksonObjectMapper matched:
      - @ConditionalOnMissingBean (types: com.fasterxml.jackson.databind.ObjectMapper; SearchStrategy: all) did not find any beans (OnBeanCondition)

   JacksonAutoConfiguration.ParameterNamesModuleConfiguration matched:
      - @ConditionalOnClass found required class 'com.fasterxml.jackson.module.paramnames.ParameterNamesModule' (OnClassCondition)

   JacksonAutoConfiguration.ParameterNamesModuleConfiguration#parameterNamesModule matched:
      - @ConditionalOnMissingBean (types: com.fasterxml.jackson.module.paramnames.ParameterNamesModule; SearchStrategy: all) did not find any beans (OnBeanCondition)

   JacksonHttpMessageConvertersConfiguration.MappingJackson2HttpMessageConverterConfiguration matched:
      - @ConditionalOnClass found required class 'com.fasterxml.jackson.databind.ObjectMapper' (OnClassCondition)
      - @ConditionalOnProperty (spring.mvc.converters.preferred-json-mapper=jackson) matched (OnPropertyCondition)
      - @ConditionalOnBean (types: com.fasterxml.jackson.databind.ObjectMapper; SearchStrategy: all) found bean 'jacksonObjectMapper' (OnBeanCondition)

   JacksonHttpMessageConvertersConfiguration.MappingJackson2HttpMessageConverterConfiguration#mappingJackson2HttpMessageConverter matched:
      - @ConditionalOnMissingBean (types: org.springframework.http.converter.json.MappingJackson2HttpMessageConverter ignored: org.springframework.hateoas.server.mvc.TypeConstrainedMappingJackson2HttpMessageConverter,org.springframework.data.rest.webmvc.alps.AlpsJsonHttpMessageConverter; SearchStrategy: all) did not find any beans (OnBeanCondition)

   JdbcTemplateAutoConfiguration matched:
      - @ConditionalOnClass found required classes 'javax.sql.DataSource', 'org.springframework.jdbc.core.JdbcTemplate' (OnClassCondition)
      - @ConditionalOnSingleCandidate (types: javax.sql.DataSource; SearchStrategy: all) found a primary bean from beans 'dataSource' (OnBeanCondition)

   JdbcTemplateConfiguration matched:
      - @ConditionalOnMissingBean (types: org.springframework.jdbc.core.JdbcOperations; SearchStrategy: all) did not find any beans (OnBeanCondition)

   JmxAutoConfiguration matched:
      - @ConditionalOnClass found required class 'org.springframework.jmx.export.MBeanExporter' (OnClassCondition)
      - @ConditionalOnProperty (spring.jmx.enabled=true) matched (OnPropertyCondition)

   JmxAutoConfiguration#mbeanExporter matched:
      - @ConditionalOnMissingBean (types: org.springframework.jmx.export.MBeanExporter; SearchStrategy: current) did not find any beans (OnBeanCondition)

   JmxAutoConfiguration#mbeanServer matched:
      - @ConditionalOnMissingBean (types: javax.management.MBeanServer; SearchStrategy: all) did not find any beans (OnBeanCondition)

   JmxAutoConfiguration#objectNamingStrategy matched:
      - @ConditionalOnMissingBean (types: org.springframework.jmx.export.naming.ObjectNamingStrategy; SearchStrategy: current) did not find any beans (OnBeanCondition)

   JpaBaseConfiguration#entityManagerFactory matched:
      - @ConditionalOnMissingBean (types: org.springframework.orm.jpa.LocalContainerEntityManagerFactoryBean,javax.persistence.EntityManagerFactory; SearchStrategy: all) did not find any beans (OnBeanCondition)

   JpaBaseConfiguration#entityManagerFactoryBuilder matched:
      - @ConditionalOnMissingBean (types: org.springframework.boot.orm.jpa.EntityManagerFactoryBuilder; SearchStrategy: all) did not find any beans (OnBeanCondition)

   JpaBaseConfiguration#jpaVendorAdapter matched:
      - @ConditionalOnMissingBean (types: org.springframework.orm.jpa.JpaVendorAdapter; SearchStrategy: all) did not find any beans (OnBeanCondition)

   JpaBaseConfiguration#transactionManager matched:
      - @ConditionalOnMissingBean (types: org.springframework.transaction.TransactionManager; SearchStrategy: all) did not find any beans (OnBeanCondition)

   JpaBaseConfiguration.JpaWebConfiguration matched:
      - @ConditionalOnClass found required class 'org.springframework.web.servlet.config.annotation.WebMvcConfigurer' (OnClassCondition)
      - found 'session' scope (OnWebApplicationCondition)
      - @ConditionalOnProperty (spring.jpa.open-in-view=true) matched (OnPropertyCondition)
      - @ConditionalOnMissingBean (types: org.springframework.orm.jpa.support.OpenEntityManagerInViewInterceptor,org.springframework.orm.jpa.support.OpenEntityManagerInViewFilter; SearchStrategy: all) did not find any beans (OnBeanCondition)

   JpaRepositoriesAutoConfiguration matched:
      - @ConditionalOnClass found required class 'org.springframework.data.jpa.repository.JpaRepository' (OnClassCondition)
      - @ConditionalOnProperty (spring.data.jpa.repositories.enabled=true) matched (OnPropertyCondition)
      - @ConditionalOnBean (types: javax.sql.DataSource; SearchStrategy: all) found bean 'dataSource'; @ConditionalOnMissingBean (types: org.springframework.data.jpa.repository.support.JpaRepositoryFactoryBean,org.springframework.data.jpa.repository.config.JpaRepositoryConfigExtension; SearchStrategy: all) did not find any beans (OnBeanCondition)

   JtaAutoConfiguration matched:
      - @ConditionalOnClass found required class 'javax.transaction.Transaction' (OnClassCondition)
      - @ConditionalOnProperty (spring.jta.enabled) matched (OnPropertyCondition)

   LifecycleAutoConfiguration#defaultLifecycleProcessor matched:
      - @ConditionalOnMissingBean (names: lifecycleProcessor; SearchStrategy: current) did not find any beans (OnBeanCondition)

   MultipartAutoConfiguration matched:
      - @ConditionalOnClass found required classes 'javax.servlet.Servlet', 'org.springframework.web.multipart.support.StandardServletMultipartResolver', 'javax.servlet.MultipartConfigElement' (OnClassCondition)
      - found 'session' scope (OnWebApplicationCondition)
      - @ConditionalOnProperty (spring.servlet.multipart.enabled) matched (OnPropertyCondition)

   MultipartAutoConfiguration#multipartConfigElement matched:
      - @ConditionalOnMissingBean (types: javax.servlet.MultipartConfigElement,org.springframework.web.multipart.commons.CommonsMultipartResolver; SearchStrategy: all) did not find any beans (OnBeanCondition)

   MultipartAutoConfiguration#multipartResolver matched:
      - @ConditionalOnMissingBean (types: org.springframework.web.multipart.MultipartResolver; SearchStrategy: all) did not find any beans (OnBeanCondition)

   NamedParameterJdbcTemplateConfiguration matched:
      - @ConditionalOnSingleCandidate (types: org.springframework.jdbc.core.JdbcTemplate; SearchStrategy: all) found a primary bean from beans 'jdbcTemplate'; @ConditionalOnMissingBean (types: org.springframework.jdbc.core.namedparam.NamedParameterJdbcOperations; SearchStrategy: all) did not find any beans (OnBeanCondition)

   NoOpCacheConfiguration matched:
      - Cache org.springframework.boot.autoconfigure.cache.NoOpCacheConfiguration automatic cache type (CacheCondition)

   PersistenceExceptionTranslationAutoConfiguration matched:
      - @ConditionalOnClass found required class 'org.springframework.dao.annotation.PersistenceExceptionTranslationPostProcessor' (OnClassCondition)

   PersistenceExceptionTranslationAutoConfiguration#persistenceExceptionTranslationPostProcessor matched:
      - @ConditionalOnProperty (spring.dao.exceptiontranslation.enabled) matched (OnPropertyCondition)
      - @ConditionalOnMissingBean (types: org.springframework.dao.annotation.PersistenceExceptionTranslationPostProcessor; SearchStrategy: all) did not find any beans (OnBeanCondition)

   PropertyPlaceholderAutoConfiguration#propertySourcesPlaceholderConfigurer matched:
      - @ConditionalOnMissingBean (types: org.springframework.context.support.PropertySourcesPlaceholderConfigurer; SearchStrategy: current) did not find any beans (OnBeanCondition)

   RestTemplateAutoConfiguration matched:
      - @ConditionalOnClass found required class 'org.springframework.web.client.RestTemplate' (OnClassCondition)
      - NoneNestedConditions 0 matched 1 did not; NestedCondition on RestTemplateAutoConfiguration.NotReactiveWebApplicationCondition.ReactiveWebApplication did not find reactive web application classes (RestTemplateAutoConfiguration.NotReactiveWebApplicationCondition)

   RestTemplateAutoConfiguration#restTemplateBuilder matched:
      - @ConditionalOnMissingBean (types: org.springframework.boot.web.client.RestTemplateBuilder; SearchStrategy: all) did not find any beans (OnBeanCondition)

   RestTemplateAutoConfiguration#restTemplateBuilderConfigurer matched:
      - @ConditionalOnMissingBean (types: org.springframework.boot.autoconfigure.web.client.RestTemplateBuilderConfigurer; SearchStrategy: all) did not find any beans (OnBeanCondition)

   ServletWebServerFactoryAutoConfiguration matched:
      - @ConditionalOnClass found required class 'javax.servlet.ServletRequest' (OnClassCondition)
      - found 'session' scope (OnWebApplicationCondition)

   ServletWebServerFactoryAutoConfiguration#tomcatServletWebServerFactoryCustomizer matched:
      - @ConditionalOnClass found required class 'org.apache.catalina.startup.Tomcat' (OnClassCondition)

   ServletWebServerFactoryConfiguration.EmbeddedTomcat matched:
      - @ConditionalOnClass found required classes 'javax.servlet.Servlet', 'org.apache.catalina.startup.Tomcat', 'org.apache.coyote.UpgradeProtocol' (OnClassCondition)
      - @ConditionalOnMissingBean (types: org.springframework.boot.web.servlet.server.ServletWebServerFactory; SearchStrategy: current) did not find any beans (OnBeanCondition)

   SimpleCacheConfiguration matched:
      - Cache org.springframework.boot.autoconfigure.cache.SimpleCacheConfiguration automatic cache type (CacheCondition)

   SpringApplicationAdminJmxAutoConfiguration matched:
      - @ConditionalOnProperty (spring.application.admin.enabled=true) matched (OnPropertyCondition)

   SpringApplicationAdminJmxAutoConfiguration#springApplicationAdminRegistrar matched:
      - @ConditionalOnMissingBean (types: org.springframework.boot.admin.SpringApplicationAdminMXBeanRegistrar; SearchStrategy: all) did not find any beans (OnBeanCondition)

   SpringDataWebAutoConfiguration matched:
      - @ConditionalOnClass found required classes 'org.springframework.data.web.PageableHandlerMethodArgumentResolver', 'org.springframework.web.servlet.config.annotation.WebMvcConfigurer' (OnClassCondition)
      - found 'session' scope (OnWebApplicationCondition)
      - @ConditionalOnMissingBean (types: org.springframework.data.web.PageableHandlerMethodArgumentResolver; SearchStrategy: all) did not find any beans (OnBeanCondition)

   SpringDataWebAutoConfiguration#pageableCustomizer matched:
      - @ConditionalOnMissingBean (types: org.springframework.data.web.config.PageableHandlerMethodArgumentResolverCustomizer; SearchStrategy: all) did not find any beans (OnBeanCondition)

   SpringDataWebAutoConfiguration#sortCustomizer matched:
      - @ConditionalOnMissingBean (types: org.springframework.data.web.config.SortHandlerMethodArgumentResolverCustomizer; SearchStrategy: all) did not find any beans (OnBeanCondition)

   TaskExecutionAutoConfiguration matched:
      - @ConditionalOnClass found required class 'org.springframework.scheduling.concurrent.ThreadPoolTaskExecutor' (OnClassCondition)

   TaskExecutionAutoConfiguration#applicationTaskExecutor matched:
      - @ConditionalOnMissingBean (types: java.util.concurrent.Executor; SearchStrategy: all) did not find any beans (OnBeanCondition)

   TaskExecutionAutoConfiguration#taskExecutorBuilder matched:
      - @ConditionalOnMissingBean (types: org.springframework.boot.task.TaskExecutorBuilder; SearchStrategy: all) did not find any beans (OnBeanCondition)

   TaskSchedulingAutoConfiguration matched:
      - @ConditionalOnClass found required class 'org.springframework.scheduling.concurrent.ThreadPoolTaskScheduler' (OnClassCondition)

   TaskSchedulingAutoConfiguration#taskSchedulerBuilder matched:
      - @ConditionalOnMissingBean (types: org.springframework.boot.task.TaskSchedulerBuilder; SearchStrategy: all) did not find any beans (OnBeanCondition)

   TransactionAutoConfiguration matched:
      - @ConditionalOnClass found required class 'org.springframework.transaction.PlatformTransactionManager' (OnClassCondition)

   TransactionAutoConfiguration#platformTransactionManagerCustomizers matched:
      - @ConditionalOnMissingBean (types: org.springframework.boot.autoconfigure.transaction.TransactionManagerCustomizers; SearchStrategy: all) did not find any beans (OnBeanCondition)

   TransactionAutoConfiguration.EnableTransactionManagementConfiguration matched:
      - @ConditionalOnBean (types: org.springframework.transaction.TransactionManager; SearchStrategy: all) found bean 'transactionManager'; @ConditionalOnMissingBean (types: org.springframework.transaction.annotation.AbstractTransactionManagementConfiguration; SearchStrategy: all) did not find any beans (OnBeanCondition)

   TransactionAutoConfiguration.EnableTransactionManagementConfiguration.CglibAutoProxyConfiguration matched:
      - @ConditionalOnProperty (spring.aop.proxy-target-class=true) matched (OnPropertyCondition)

   TransactionAutoConfiguration.TransactionTemplateConfiguration matched:
      - @ConditionalOnSingleCandidate (types: org.springframework.transaction.PlatformTransactionManager; SearchStrategy: all) found a primary bean from beans 'transactionManager' (OnBeanCondition)

   TransactionAutoConfiguration.TransactionTemplateConfiguration#transactionTemplate matched:
      - @ConditionalOnMissingBean (types: org.springframework.transaction.support.TransactionOperations; SearchStrategy: all) did not find any beans (OnBeanCondition)

   WebMvcAutoConfiguration matched:
      - @ConditionalOnClass found required classes 'javax.servlet.Servlet', 'org.springframework.web.servlet.DispatcherServlet', 'org.springframework.web.servlet.config.annotation.WebMvcConfigurer' (OnClassCondition)
      - found 'session' scope (OnWebApplicationCondition)
      - @ConditionalOnMissingBean (types: org.springframework.web.servlet.config.annotation.WebMvcConfigurationSupport; SearchStrategy: all) did not find any beans (OnBeanCondition)

   WebMvcAutoConfiguration#formContentFilter matched:
      - @ConditionalOnProperty (spring.mvc.formcontent.filter.enabled) matched (OnPropertyCondition)
      - @ConditionalOnMissingBean (types: org.springframework.web.filter.FormContentFilter; SearchStrategy: all) did not find any beans (OnBeanCondition)

   WebMvcAutoConfiguration.EnableWebMvcConfiguration#flashMapManager matched:
      - @ConditionalOnMissingBean (names: flashMapManager; SearchStrategy: all) did not find any beans (OnBeanCondition)

   WebMvcAutoConfiguration.EnableWebMvcConfiguration#localeResolver matched:
      - @ConditionalOnMissingBean (names: localeResolver; SearchStrategy: all) did not find any beans (OnBeanCondition)

   WebMvcAutoConfiguration.EnableWebMvcConfiguration#themeResolver matched:
      - @ConditionalOnMissingBean (names: themeResolver; SearchStrategy: all) did not find any beans (OnBeanCondition)

   WebMvcAutoConfiguration.WebMvcAutoConfigurationAdapter#defaultViewResolver matched:
      - @ConditionalOnMissingBean (types: org.springframework.web.servlet.view.InternalResourceViewResolver; SearchStrategy: all) did not find any beans (OnBeanCondition)

   WebMvcAutoConfiguration.WebMvcAutoConfigurationAdapter#requestContextFilter matched:
      - @ConditionalOnMissingBean (types: org.springframework.web.context.request.RequestContextListener,org.springframework.web.filter.RequestContextFilter; SearchStrategy: all) did not find any beans (OnBeanCondition)

   WebMvcAutoConfiguration.WebMvcAutoConfigurationAdapter#viewResolver matched:
      - @ConditionalOnBean (types: org.springframework.web.servlet.ViewResolver; SearchStrategy: all) found beans 'defaultViewResolver', 'beanNameViewResolver', 'mvcViewResolver'; @ConditionalOnMissingBean (names: viewResolver types: org.springframework.web.servlet.view.ContentNegotiatingViewResolver; SearchStrategy: all) did not find any beans (OnBeanCondition)

   WebSocketServletAutoConfiguration matched:
      - @ConditionalOnClass found required classes 'javax.servlet.Servlet', 'javax.websocket.server.ServerContainer' (OnClassCondition)
      - found 'session' scope (OnWebApplicationCondition)

   WebSocketServletAutoConfiguration.TomcatWebSocketConfiguration matched:
      - @ConditionalOnClass found required classes 'org.apache.catalina.startup.Tomcat', 'org.apache.tomcat.websocket.server.WsSci' (OnClassCondition)

   WebSocketServletAutoConfiguration.TomcatWebSocketConfiguration#websocketServletWebServerCustomizer matched:
      - @ConditionalOnMissingBean (names: websocketServletWebServerCustomizer; SearchStrategy: all) did not find any beans (OnBeanCondition)


Negative matches:
-----------------

   ActiveMQAutoConfiguration:
      Did not match:
         - @ConditionalOnClass did not find required class 'javax.jms.ConnectionFactory' (OnClassCondition)

   AopAutoConfiguration.AspectJAutoProxyingConfiguration.JdkDynamicAutoProxyConfiguration:
      Did not match:
         - @ConditionalOnProperty (spring.aop.proxy-target-class=false) did not find property 'proxy-target-class' (OnPropertyCondition)

   AopAutoConfiguration.ClassProxyingConfiguration:
      Did not match:
         - @ConditionalOnMissingClass found unwanted class 'org.aspectj.weaver.Advice' (OnClassCondition)

   ArtemisAutoConfiguration:
      Did not match:
         - @ConditionalOnClass did not find required class 'javax.jms.ConnectionFactory' (OnClassCondition)

   AtomikosJtaConfiguration:
      Did not match:
         - @ConditionalOnClass did not find required class 'com.atomikos.icatch.jta.UserTransactionManager' (OnClassCondition)

   BatchAutoConfiguration:
      Did not match:
         - @ConditionalOnClass did not find required class 'org.springframework.batch.core.launch.JobLauncher' (OnClassCondition)

   BitronixJtaConfiguration:
      Did not match:
         - @ConditionalOnClass did not find required class 'bitronix.tm.jndi.BitronixContext' (OnClassCondition)

   CacheAutoConfiguration:
      Did not match:
         - @ConditionalOnBean (types: org.springframework.cache.interceptor.CacheAspectSupport; SearchStrategy: all) did not find any beans of type org.springframework.cache.interceptor.CacheAspectSupport (OnBeanCondition)
      Matched:
         - @ConditionalOnClass found required class 'org.springframework.cache.CacheManager' (OnClassCondition)

   CacheAutoConfiguration.CacheManagerEntityManagerFactoryDependsOnPostProcessor:
      Did not match:
         - Ancestor org.springframework.boot.autoconfigure.cache.CacheAutoConfiguration did not match (ConditionEvaluationReport.AncestorsMatchedCondition)
      Matched:
         - @ConditionalOnClass found required class 'org.springframework.orm.jpa.LocalContainerEntityManagerFactoryBean' (OnClassCondition)

   CaffeineCacheConfiguration:
      Did not match:
         - @ConditionalOnClass did not find required class 'com.github.benmanes.caffeine.cache.Caffeine' (OnClassCondition)

   CassandraAutoConfiguration:
      Did not match:
         - @ConditionalOnClass did not find required class 'com.datastax.oss.driver.api.core.CqlSession' (OnClassCondition)

   CassandraDataAutoConfiguration:
      Did not match:
         - @ConditionalOnClass did not find required class 'com.datastax.oss.driver.api.core.CqlSession' (OnClassCondition)

   CassandraReactiveDataAutoConfiguration:
      Did not match:
         - @ConditionalOnClass did not find required class 'com.datastax.oss.driver.api.core.CqlSession' (OnClassCondition)

   CassandraReactiveRepositoriesAutoConfiguration:
      Did not match:
         - @ConditionalOnClass did not find required class 'org.springframework.data.cassandra.ReactiveSession' (OnClassCondition)

   CassandraRepositoriesAutoConfiguration:
      Did not match:
         - @ConditionalOnClass did not find required class 'com.datastax.oss.driver.api.core.CqlSession' (OnClassCondition)

   ClientHttpConnectorAutoConfiguration:
      Did not match:
         - @ConditionalOnClass did not find required class 'org.springframework.web.reactive.function.client.WebClient' (OnClassCondition)

   CodecsAutoConfiguration:
      Did not match:
         - @ConditionalOnClass did not find required class 'org.springframework.web.reactive.function.client.WebClient' (OnClassCondition)

   CouchbaseAutoConfiguration:
      Did not match:
         - @ConditionalOnClass did not find required class 'com.couchbase.client.java.Cluster' (OnClassCondition)

   CouchbaseCacheConfiguration:
      Did not match:
         - @ConditionalOnClass did not find required class 'com.couchbase.client.java.Cluster' (OnClassCondition)

   CouchbaseDataAutoConfiguration:
      Did not match:
         - @ConditionalOnClass did not find required class 'com.couchbase.client.java.Bucket' (OnClassCondition)

   CouchbaseReactiveDataAutoConfiguration:
      Did not match:
         - @ConditionalOnClass did not find required class 'com.couchbase.client.java.Cluster' (OnClassCondition)

   CouchbaseReactiveRepositoriesAutoConfiguration:
      Did not match:
         - @ConditionalOnClass did not find required class 'com.couchbase.client.java.Cluster' (OnClassCondition)

   CouchbaseRepositoriesAutoConfiguration:
      Did not match:
         - @ConditionalOnClass did not find required class 'com.couchbase.client.java.Bucket' (OnClassCondition)

   DataSourceAutoConfiguration.EmbeddedDatabaseConfiguration:
      Did not match:
         - EmbeddedDataSource spring.datasource.url is set (DataSourceAutoConfiguration.EmbeddedDatabaseCondition)

   DataSourceConfiguration.Dbcp2:
      Did not match:
         - @ConditionalOnClass did not find required class 'org.apache.commons.dbcp2.BasicDataSource' (OnClassCondition)

   DataSourceConfiguration.Generic:
      Did not match:
         - @ConditionalOnProperty (spring.datasource.type) did not find property 'spring.datasource.type' (OnPropertyCondition)

   DataSourceConfiguration.OracleUcp:
      Did not match:
         - @ConditionalOnClass did not find required classes 'oracle.ucp.jdbc.PoolDataSourceImpl', 'oracle.jdbc.OracleConnection' (OnClassCondition)

   DataSourceConfiguration.Tomcat:
      Did not match:
         - @ConditionalOnClass did not find required class 'org.apache.tomcat.jdbc.pool.DataSource' (OnClassCondition)

   DataSourceJmxConfiguration.TomcatDataSourceJmxConfiguration:
      Did not match:
         - @ConditionalOnClass did not find required class 'org.apache.tomcat.jdbc.pool.DataSourceProxy' (OnClassCondition)

   DataSourcePoolMetadataProvidersConfiguration.CommonsDbcp2PoolDataSourceMetadataProviderConfiguration:
      Did not match:
         - @ConditionalOnClass did not find required class 'org.apache.commons.dbcp2.BasicDataSource' (OnClassCondition)

   DataSourcePoolMetadataProvidersConfiguration.OracleUcpPoolDataSourceMetadataProviderConfiguration:
      Did not match:
         - @ConditionalOnClass did not find required classes 'oracle.ucp.jdbc.PoolDataSource', 'oracle.jdbc.OracleConnection' (OnClassCondition)

   DataSourcePoolMetadataProvidersConfiguration.TomcatDataSourcePoolMetadataProviderConfiguration:
      Did not match:
         - @ConditionalOnClass did not find required class 'org.apache.tomcat.jdbc.pool.DataSource' (OnClassCondition)

   DataSourceTransactionManagerAutoConfiguration.JdbcTransactionManagerConfiguration#transactionManager:
      Did not match:
         - @ConditionalOnMissingBean (types: org.springframework.transaction.TransactionManager; SearchStrategy: all) found beans of type 'org.springframework.transaction.TransactionManager' transactionManager (OnBeanCondition)

   DispatcherServletAutoConfiguration.DispatcherServletConfiguration#multipartResolver:
      Did not match:
         - @ConditionalOnBean (types: org.springframework.web.multipart.MultipartResolver; SearchStrategy: all) did not find any beans of type org.springframework.web.multipart.MultipartResolver (OnBeanCondition)

   EhCacheCacheConfiguration:
      Did not match:
         - @ConditionalOnClass did not find required class 'net.sf.ehcache.Cache' (OnClassCondition)

   ElasticsearchDataAutoConfiguration:
      Did not match:
         - @ConditionalOnClass did not find required class 'org.springframework.data.elasticsearch.core.ElasticsearchRestTemplate' (OnClassCondition)

   ElasticsearchRepositoriesAutoConfiguration:
      Did not match:
         - @ConditionalOnClass did not find required class 'org.elasticsearch.client.Client' (OnClassCondition)

   ElasticsearchRestClientAutoConfiguration:
      Did not match:
         - @ConditionalOnClass did not find required class 'org.elasticsearch.client.RestHighLevelClient' (OnClassCondition)

   EmbeddedLdapAutoConfiguration:
      Did not match:
         - @ConditionalOnClass did not find required class 'com.unboundid.ldap.listener.InMemoryDirectoryServer' (OnClassCondition)

   EmbeddedMongoAutoConfiguration:
      Did not match:
         - @ConditionalOnClass did not find required class 'com.mongodb.MongoClientSettings' (OnClassCondition)

   EmbeddedWebServerFactoryCustomizerAutoConfiguration.JettyWebServerFactoryCustomizerConfiguration:
      Did not match:
         - @ConditionalOnClass did not find required classes 'org.eclipse.jetty.server.Server', 'org.eclipse.jetty.util.Loader', 'org.eclipse.jetty.webapp.WebAppContext' (OnClassCondition)

   EmbeddedWebServerFactoryCustomizerAutoConfiguration.NettyWebServerFactoryCustomizerConfiguration:
      Did not match:
         - @ConditionalOnClass did not find required class 'reactor.netty.http.server.HttpServer' (OnClassCondition)

   EmbeddedWebServerFactoryCustomizerAutoConfiguration.UndertowWebServerFactoryCustomizerConfiguration:
      Did not match:
         - @ConditionalOnClass did not find required classes 'io.undertow.Undertow', 'org.xnio.SslClientAuthMode' (OnClassCondition)

   ErrorWebFluxAutoConfiguration:
      Did not match:
         - @ConditionalOnClass did not find required class 'org.springframework.web.reactive.config.WebFluxConfigurer' (OnClassCondition)

   FlywayAutoConfiguration:
      Did not match:
         - @ConditionalOnClass did not find required class 'org.flywaydb.core.Flyway' (OnClassCondition)

   FreeMarkerAutoConfiguration:
      Did not match:
         - @ConditionalOnClass did not find required class 'freemarker.template.Configuration' (OnClassCondition)

   GroovyTemplateAutoConfiguration:
      Did not match:
         - @ConditionalOnClass did not find required class 'groovy.text.markup.MarkupTemplateEngine' (OnClassCondition)

   GsonAutoConfiguration:
      Did not match:
         - @ConditionalOnClass did not find required class 'com.google.gson.Gson' (OnClassCondition)

   GsonHttpMessageConvertersConfiguration:
      Did not match:
         - @ConditionalOnClass did not find required class 'com.google.gson.Gson' (OnClassCondition)

   H2ConsoleAutoConfiguration:
      Did not match:
         - @ConditionalOnClass did not find required class 'org.h2.server.web.WebServlet' (OnClassCondition)

   HazelcastAutoConfiguration:
      Did not match:
         - @ConditionalOnClass did not find required class 'com.hazelcast.core.HazelcastInstance' (OnClassCondition)

   HazelcastCacheConfiguration:
      Did not match:
         - @ConditionalOnClass did not find required class 'com.hazelcast.core.HazelcastInstance' (OnClassCondition)

   HazelcastJpaDependencyAutoConfiguration:
      Did not match:
         - @ConditionalOnClass did not find required class 'com.hazelcast.core.HazelcastInstance' (OnClassCondition)

   HttpHandlerAutoConfiguration:
      Did not match:
         - @ConditionalOnClass did not find required class 'org.springframework.web.reactive.DispatcherHandler' (OnClassCondition)

   InfinispanCacheConfiguration:
      Did not match:
         - @ConditionalOnClass did not find required class 'org.infinispan.spring.embedded.provider.SpringEmbeddedCacheManager' (OnClassCondition)

   InfluxDbAutoConfiguration:
      Did not match:
         - @ConditionalOnClass did not find required class 'org.influxdb.InfluxDB' (OnClassCondition)

   IntegrationAutoConfiguration:
      Did not match:
         - @ConditionalOnClass did not find required class 'org.springframework.integration.config.EnableIntegration' (OnClassCondition)

   JCacheCacheConfiguration:
      Did not match:
         - @ConditionalOnClass did not find required class 'javax.cache.Caching' (OnClassCondition)

   JacksonHttpMessageConvertersConfiguration.MappingJackson2XmlHttpMessageConverterConfiguration:
      Did not match:
         - @ConditionalOnClass did not find required class 'com.fasterxml.jackson.dataformat.xml.XmlMapper' (OnClassCondition)

   JdbcRepositoriesAutoConfiguration:
      Did not match:
         - @ConditionalOnClass did not find required class 'org.springframework.data.jdbc.repository.config.AbstractJdbcConfiguration' (OnClassCondition)

   JerseyAutoConfiguration:
      Did not match:
         - @ConditionalOnClass did not find required class 'org.glassfish.jersey.server.spring.SpringComponentProvider' (OnClassCondition)

   JmsAutoConfiguration:
      Did not match:
         - @ConditionalOnClass did not find required class 'javax.jms.Message' (OnClassCondition)

   JndiConnectionFactoryAutoConfiguration:
      Did not match:
         - @ConditionalOnClass did not find required class 'org.springframework.jms.core.JmsTemplate' (OnClassCondition)

   JndiDataSourceAutoConfiguration:
      Did not match:
         - @ConditionalOnProperty (spring.datasource.jndi-name) did not find property 'jndi-name' (OnPropertyCondition)
      Matched:
         - @ConditionalOnClass found required classes 'javax.sql.DataSource', 'org.springframework.jdbc.datasource.embedded.EmbeddedDatabaseType' (OnClassCondition)

   JndiJtaConfiguration:
      Did not match:
         - @ConditionalOnJndi JNDI environment is not available (OnJndiCondition)
      Matched:
         - @ConditionalOnClass found required class 'org.springframework.transaction.jta.JtaTransactionManager' (OnClassCondition)

   JooqAutoConfiguration:
      Did not match:
         - @ConditionalOnClass did not find required class 'org.jooq.DSLContext' (OnClassCondition)

   JpaRepositoriesAutoConfiguration#entityManagerFactoryBootstrapExecutorCustomizer:
      Did not match:
         - AnyNestedCondition 0 matched 2 did not; NestedCondition on JpaRepositoriesAutoConfiguration.BootstrapExecutorCondition.LazyBootstrapMode @ConditionalOnProperty (spring.data.jpa.repositories.bootstrap-mode=lazy) did not find property 'bootstrap-mode'; NestedCondition on JpaRepositoriesAutoConfiguration.BootstrapExecutorCondition.DeferredBootstrapMode @ConditionalOnProperty (spring.data.jpa.repositories.bootstrap-mode=deferred) did not find property 'bootstrap-mode' (JpaRepositoriesAutoConfiguration.BootstrapExecutorCondition)

   JsonbAutoConfiguration:
      Did not match:
         - @ConditionalOnClass did not find required class 'javax.json.bind.Jsonb' (OnClassCondition)

   JsonbHttpMessageConvertersConfiguration:
      Did not match:
         - @ConditionalOnClass did not find required class 'javax.json.bind.Jsonb' (OnClassCondition)

   KafkaAutoConfiguration:
      Did not match:
         - @ConditionalOnClass did not find required class 'org.springframework.kafka.core.KafkaTemplate' (OnClassCondition)

   LdapAutoConfiguration:
      Did not match:
         - @ConditionalOnClass did not find required class 'org.springframework.ldap.core.ContextSource' (OnClassCondition)

   LdapRepositoriesAutoConfiguration:
      Did not match:
         - @ConditionalOnClass did not find required class 'org.springframework.data.ldap.repository.LdapRepository' (OnClassCondition)

   LiquibaseAutoConfiguration:
      Did not match:
         - @ConditionalOnClass did not find required class 'liquibase.change.DatabaseChange' (OnClassCondition)

   MailSenderAutoConfiguration:
      Did not match:
         - @ConditionalOnClass did not find required class 'javax.mail.internet.MimeMessage' (OnClassCondition)

   MailSenderValidatorAutoConfiguration:
      Did not match:
         - @ConditionalOnSingleCandidate did not find required type 'org.springframework.mail.javamail.JavaMailSenderImpl' (OnBeanCondition)

   MessageSourceAutoConfiguration:
      Did not match:
         - ResourceBundle did not find bundle with basename messages (MessageSourceAutoConfiguration.ResourceBundleCondition)

   MongoAutoConfiguration:
      Did not match:
         - @ConditionalOnClass did not find required class 'com.mongodb.client.MongoClient' (OnClassCondition)

   MongoDataAutoConfiguration:
      Did not match:
         - @ConditionalOnClass did not find required class 'com.mongodb.client.MongoClient' (OnClassCondition)

   MongoReactiveAutoConfiguration:
      Did not match:
         - @ConditionalOnClass did not find required class 'com.mongodb.reactivestreams.client.MongoClient' (OnClassCondition)

   MongoReactiveDataAutoConfiguration:
      Did not match:
         - @ConditionalOnClass did not find required class 'com.mongodb.reactivestreams.client.MongoClient' (OnClassCondition)

   MongoReactiveRepositoriesAutoConfiguration:
      Did not match:
         - @ConditionalOnClass did not find required class 'com.mongodb.reactivestreams.client.MongoClient' (OnClassCondition)

   MongoRepositoriesAutoConfiguration:
      Did not match:
         - @ConditionalOnClass did not find required class 'com.mongodb.client.MongoClient' (OnClassCondition)

   MustacheAutoConfiguration:
      Did not match:
         - @ConditionalOnClass did not find required class 'com.samskivert.mustache.Mustache' (OnClassCondition)

   Neo4jAutoConfiguration:
      Did not match:
         - @ConditionalOnClass did not find required class 'org.neo4j.driver.Driver' (OnClassCondition)

   Neo4jDataAutoConfiguration:
      Did not match:
         - @ConditionalOnClass did not find required class 'org.neo4j.driver.Driver' (OnClassCondition)

   Neo4jReactiveDataAutoConfiguration:
      Did not match:
         - @ConditionalOnClass did not find required class 'org.neo4j.driver.Driver' (OnClassCondition)

   Neo4jReactiveRepositoriesAutoConfiguration:
      Did not match:
         - @ConditionalOnClass did not find required class 'org.neo4j.driver.Driver' (OnClassCondition)

   Neo4jRepositoriesAutoConfiguration:
      Did not match:
         - @ConditionalOnClass did not find required class 'org.neo4j.driver.Driver' (OnClassCondition)

   OAuth2ClientAutoConfiguration:
      Did not match:
         - @ConditionalOnClass did not find required class 'org.springframework.security.config.annotation.web.configuration.EnableWebSecurity' (OnClassCondition)

   OAuth2ResourceServerAutoConfiguration:
      Did not match:
         - @ConditionalOnClass did not find required class 'org.springframework.security.oauth2.server.resource.BearerTokenAuthenticationToken' (OnClassCondition)

   ProjectInfoAutoConfiguration#buildProperties:
      Did not match:
         - @ConditionalOnResource did not find resource '${spring.info.build.location:classpath:META-INF/build-info.properties}' (OnResourceCondition)

   ProjectInfoAutoConfiguration#gitProperties:
      Did not match:
         - GitResource did not find git info at classpath:git.properties (ProjectInfoAutoConfiguration.GitResourceAvailableCondition)

   QuartzAutoConfiguration:
      Did not match:
         - @ConditionalOnClass did not find required class 'org.quartz.Scheduler' (OnClassCondition)

   R2dbcAutoConfiguration:
      Did not match:
         - @ConditionalOnClass did not find required class 'io.r2dbc.spi.ConnectionFactory' (OnClassCondition)

   R2dbcDataAutoConfiguration:
      Did not match:
         - @ConditionalOnClass did not find required class 'org.springframework.data.r2dbc.core.R2dbcEntityTemplate' (OnClassCondition)

   R2dbcRepositoriesAutoConfiguration:
      Did not match:
         - @ConditionalOnClass did not find required class 'io.r2dbc.spi.ConnectionFactory' (OnClassCondition)

   R2dbcTransactionManagerAutoConfiguration:
      Did not match:
         - @ConditionalOnClass did not find required class 'org.springframework.r2dbc.connection.R2dbcTransactionManager' (OnClassCondition)

   RSocketMessagingAutoConfiguration:
      Did not match:
         - @ConditionalOnClass did not find required class 'io.rsocket.RSocket' (OnClassCondition)

   RSocketRequesterAutoConfiguration:
      Did not match:
         - @ConditionalOnClass did not find required class 'io.rsocket.RSocket' (OnClassCondition)

   RSocketSecurityAutoConfiguration:
      Did not match:
         - @ConditionalOnClass did not find required class 'org.springframework.security.rsocket.core.SecuritySocketAcceptorInterceptor' (OnClassCondition)

   RSocketServerAutoConfiguration:
      Did not match:
         - @ConditionalOnClass did not find required class 'io.rsocket.core.RSocketServer' (OnClassCondition)

   RSocketStrategiesAutoConfiguration:
      Did not match:
         - @ConditionalOnClass did not find required class 'io.netty.buffer.PooledByteBufAllocator' (OnClassCondition)

   RabbitAutoConfiguration:
      Did not match:
         - @ConditionalOnClass did not find required class 'com.rabbitmq.client.Channel' (OnClassCondition)

   ReactiveElasticsearchRepositoriesAutoConfiguration:
      Did not match:
         - @ConditionalOnClass did not find required class 'org.springframework.data.elasticsearch.client.reactive.ReactiveElasticsearchClient' (OnClassCondition)

   ReactiveElasticsearchRestClientAutoConfiguration:
      Did not match:
         - @ConditionalOnClass did not find required class 'reactor.netty.http.client.HttpClient' (OnClassCondition)

   ReactiveOAuth2ClientAutoConfiguration:
      Did not match:
         - @ConditionalOnClass did not find required class 'reactor.core.publisher.Flux' (OnClassCondition)

   ReactiveOAuth2ResourceServerAutoConfiguration:
      Did not match:
         - @ConditionalOnClass did not find required class 'org.springframework.security.config.annotation.web.reactive.EnableWebFluxSecurity' (OnClassCondition)

   ReactiveSecurityAutoConfiguration:
      Did not match:
         - @ConditionalOnClass did not find required class 'reactor.core.publisher.Flux' (OnClassCondition)

   ReactiveUserDetailsServiceAutoConfiguration:
      Did not match:
         - @ConditionalOnClass did not find required class 'org.springframework.security.authentication.ReactiveAuthenticationManager' (OnClassCondition)

   ReactiveWebServerFactoryAutoConfiguration:
      Did not match:
         - @ConditionalOnWebApplication did not find reactive web application classes (OnWebApplicationCondition)

   RedisAutoConfiguration:
      Did not match:
         - @ConditionalOnClass did not find required class 'org.springframework.data.redis.core.RedisOperations' (OnClassCondition)

   RedisCacheConfiguration:
      Did not match:
         - @ConditionalOnClass did not find required class 'org.springframework.data.redis.connection.RedisConnectionFactory' (OnClassCondition)

   RedisReactiveAutoConfiguration:
      Did not match:
         - @ConditionalOnClass did not find required class 'reactor.core.publisher.Flux' (OnClassCondition)

   RedisRepositoriesAutoConfiguration:
      Did not match:
         - @ConditionalOnClass did not find required class 'org.springframework.data.redis.repository.configuration.EnableRedisRepositories' (OnClassCondition)

   RepositoryRestMvcAutoConfiguration:
      Did not match:
         - @ConditionalOnClass did not find required class 'org.springframework.data.rest.webmvc.config.RepositoryRestMvcConfiguration' (OnClassCondition)

   Saml2RelyingPartyAutoConfiguration:
      Did not match:
         - @ConditionalOnClass did not find required class 'org.springframework.security.saml2.provider.service.registration.RelyingPartyRegistrationRepository' (OnClassCondition)

   SecurityAutoConfiguration:
      Did not match:
         - @ConditionalOnClass did not find required class 'org.springframework.security.authentication.DefaultAuthenticationEventPublisher' (OnClassCondition)

   SecurityFilterAutoConfiguration:
      Did not match:
         - @ConditionalOnClass did not find required class 'org.springframework.security.config.http.SessionCreationPolicy' (OnClassCondition)

   SendGridAutoConfiguration:
      Did not match:
         - @ConditionalOnClass did not find required class 'com.sendgrid.SendGrid' (OnClassCondition)

   ServletWebServerFactoryAutoConfiguration#forwardedHeaderFilter:
      Did not match:
         - @ConditionalOnProperty (server.forward-headers-strategy=framework) did not find property 'server.forward-headers-strategy' (OnPropertyCondition)

   ServletWebServerFactoryConfiguration.EmbeddedJetty:
      Did not match:
         - @ConditionalOnClass did not find required classes 'org.eclipse.jetty.server.Server', 'org.eclipse.jetty.util.Loader', 'org.eclipse.jetty.webapp.WebAppContext' (OnClassCondition)

   ServletWebServerFactoryConfiguration.EmbeddedUndertow:
      Did not match:
         - @ConditionalOnClass did not find required classes 'io.undertow.Undertow', 'org.xnio.SslClientAuthMode' (OnClassCondition)

   SessionAutoConfiguration:
      Did not match:
         - @ConditionalOnClass did not find required class 'org.springframework.session.Session' (OnClassCondition)

   SolrAutoConfiguration:
      Did not match:
         - @ConditionalOnClass did not find required class 'org.apache.solr.client.solrj.impl.CloudSolrClient' (OnClassCondition)

   SolrRepositoriesAutoConfiguration:
      Did not match:
         - @ConditionalOnClass did not find required class 'org.apache.solr.client.solrj.SolrClient' (OnClassCondition)

   TaskSchedulingAutoConfiguration#taskScheduler:
      Did not match:
         - @ConditionalOnBean (names: org.springframework.context.annotation.internalScheduledAnnotationProcessor; SearchStrategy: all) did not find any beans named org.springframework.context.annotation.internalScheduledAnnotationProcessor (OnBeanCondition)

   ThymeleafAutoConfiguration:
      Did not match:
         - @ConditionalOnClass did not find required class 'org.thymeleaf.spring5.SpringTemplateEngine' (OnClassCondition)

   TransactionAutoConfiguration#transactionalOperator:
      Did not match:
         - @ConditionalOnSingleCandidate (types: org.springframework.transaction.ReactiveTransactionManager; SearchStrategy: all) did not find any beans (OnBeanCondition)

   TransactionAutoConfiguration.EnableTransactionManagementConfiguration.JdkDynamicAutoProxyConfiguration:
      Did not match:
         - @ConditionalOnProperty (spring.aop.proxy-target-class=false) did not find property 'proxy-target-class' (OnPropertyCondition)

   UserDetailsServiceAutoConfiguration:
      Did not match:
         - @ConditionalOnClass did not find required class 'org.springframework.security.authentication.AuthenticationManager' (OnClassCondition)

   ValidationAutoConfiguration:
      Did not match:
         - @ConditionalOnClass did not find required class 'javax.validation.executable.ExecutableValidator' (OnClassCondition)

   WebClientAutoConfiguration:
      Did not match:
         - @ConditionalOnClass did not find required class 'org.springframework.web.reactive.function.client.WebClient' (OnClassCondition)

   WebFluxAutoConfiguration:
      Did not match:
         - @ConditionalOnClass did not find required class 'org.springframework.web.reactive.config.WebFluxConfigurer' (OnClassCondition)

   WebMvcAutoConfiguration#hiddenHttpMethodFilter:
      Did not match:
         - @ConditionalOnProperty (spring.mvc.hiddenmethod.filter.enabled) did not find property 'enabled' (OnPropertyCondition)

   WebMvcAutoConfiguration.ResourceChainCustomizerConfiguration:
      Did not match:
         - @ConditionalOnEnabledResourceChain did not find class org.webjars.WebJarAssetLocator (OnEnabledResourceChainCondition)

   WebMvcAutoConfiguration.WebMvcAutoConfigurationAdapter#beanNameViewResolver:
      Did not match:
         - @ConditionalOnMissingBean (types: org.springframework.web.servlet.view.BeanNameViewResolver; SearchStrategy: all) found beans of type 'org.springframework.web.servlet.view.BeanNameViewResolver' beanNameViewResolver (OnBeanCondition)

   WebServiceTemplateAutoConfiguration:
      Did not match:
         - @ConditionalOnClass did not find required class 'org.springframework.oxm.Marshaller' (OnClassCondition)

   WebServicesAutoConfiguration:
      Did not match:
         - @ConditionalOnClass did not find required class 'org.springframework.ws.transport.http.MessageDispatcherServlet' (OnClassCondition)

   WebSocketMessagingAutoConfiguration:
      Did not match:
         - @ConditionalOnClass did not find required class 'org.springframework.web.socket.config.annotation.WebSocketMessageBrokerConfigurer' (OnClassCondition)

   WebSocketReactiveAutoConfiguration:
      Did not match:
         - @ConditionalOnWebApplication did not find reactive web application classes (OnWebApplicationCondition)

   WebSocketServletAutoConfiguration.JettyWebSocketConfiguration:
      Did not match:
         - @ConditionalOnClass did not find required class 'org.eclipse.jetty.websocket.jsr356.server.deploy.WebSocketServerContainerInitializer' (OnClassCondition)

   WebSocketServletAutoConfiguration.UndertowWebSocketConfiguration:
      Did not match:
         - @ConditionalOnClass did not find required class 'io.undertow.websockets.jsr.Bootstrap' (OnClassCondition)

   XADataSourceAutoConfiguration:
      Did not match:
         - @ConditionalOnBean (types: org.springframework.boot.jdbc.XADataSourceWrapper; SearchStrategy: all) did not find any beans of type org.springframework.boot.jdbc.XADataSourceWrapper (OnBeanCondition)
      Matched:
         - @ConditionalOnClass found required classes 'javax.sql.DataSource', 'javax.transaction.TransactionManager', 'org.springframework.jdbc.datasource.embedded.EmbeddedDatabaseType' (OnClassCondition)


Exclusions:
-----------

    None


Unconditional classes:
----------------------

    org.springframework.boot.autoconfigure.context.ConfigurationPropertiesAutoConfiguration

    org.springframework.boot.autoconfigure.context.LifecycleAutoConfiguration

    org.springframework.boot.autoconfigure.context.PropertyPlaceholderAutoConfiguration

    org.springframework.boot.autoconfigure.availability.ApplicationAvailabilityAutoConfiguration

    org.springframework.boot.autoconfigure.info.ProjectInfoAutoConfiguration


>
19/05/2021 18:02:54 TRACE - <Returning cached instance of singleton bean 'resourceHandlerMapping'>
19/05/2021 18:02:54 TRACE - <Searching for key 'spring.liveBeansView.mbeanDomain' in PropertySource 'server.ports'>
19/05/2021 18:02:54 TRACE - <Searching for key 'spring.liveBeansView.mbeanDomain' in PropertySource 'configurationProperties'>
19/05/2021 18:02:54 TRACE - <Searching for key 'spring.liveBeansView.mbeanDomain' in PropertySource 'servletConfigInitParams'>
19/05/2021 18:02:54 TRACE - <Searching for key 'spring.liveBeansView.mbeanDomain' in PropertySource 'servletContextInitParams'>
19/05/2021 18:02:54 TRACE - <Searching for key 'spring.liveBeansView.mbeanDomain' in PropertySource 'systemProperties'>
19/05/2021 18:02:54 DEBUG - <Found key 'spring.liveBeansView.mbeanDomain' in PropertySource 'systemProperties' with value of type String>
19/05/2021 18:02:54  INFO - <Started RestappApplication in 3.751 seconds (JVM running for 4.376)>
19/05/2021 18:02:54 TRACE - <Returning cached instance of singleton bean 'springApplicationAdminRegistrar'>
19/05/2021 18:02:54 TRACE - <Returning cached instance of singleton bean 'springApplicationAdminRegistrar'>
19/05/2021 18:02:54 TRACE - <Returning cached instance of singleton bean 'applicationAvailability'>
19/05/2021 18:02:54 TRACE - <Returning cached instance of singleton bean 'springApplicationAdminRegistrar'>
19/05/2021 18:02:54 TRACE - <Returning cached instance of singleton bean 'springApplicationAdminRegistrar'>
19/05/2021 18:02:54 TRACE - <Returning cached instance of singleton bean 'applicationAvailability'>
19/05/2021 18:02:55 TRACE - <Searching for key 'local.server.port' in PropertySource 'server.ports'>
19/05/2021 18:02:55 DEBUG - <Found key 'local.server.port' in PropertySource 'server.ports' with value of type Integer>
19/05/2021 18:02:55 TRACE - <Searching for key 'server.ssl.key-store' in PropertySource 'server.ports'>
19/05/2021 18:02:55 TRACE - <Searching for key 'server.ssl.key-store' in PropertySource 'configurationProperties'>
19/05/2021 18:02:55 TRACE - <Searching for key 'server.ssl.key-store' in PropertySource 'servletConfigInitParams'>
19/05/2021 18:02:55 TRACE - <Searching for key 'server.ssl.key-store' in PropertySource 'servletContextInitParams'>
19/05/2021 18:02:55 TRACE - <Searching for key 'server.ssl.key-store' in PropertySource 'systemProperties'>
19/05/2021 18:02:55 TRACE - <Searching for key 'server.ssl.key-store' in PropertySource 'systemEnvironment'>
19/05/2021 18:02:55 TRACE - <Searching for key 'server.ssl.key-store' in PropertySource 'random'>
19/05/2021 18:02:55 TRACE - <Searching for key 'server.ssl.key-store' in PropertySource 'Config resource 'class path resource [application-prod.properties]' via location 'optional:classpath:/''>
19/05/2021 18:02:55 TRACE - <Searching for key 'server.ssl.key-store' in PropertySource 'Config resource 'class path resource [application.properties]' via location 'optional:classpath:/''>
19/05/2021 18:02:55 TRACE - <Could not find key 'server.ssl.key-store' in any property source>
19/05/2021 18:02:55 TRACE - <Searching for key 'server.servlet.context-path' in PropertySource 'server.ports'>
19/05/2021 18:02:55 TRACE - <Searching for key 'server.servlet.context-path' in PropertySource 'configurationProperties'>
19/05/2021 18:02:55 TRACE - <Searching for key 'server.servlet.context-path' in PropertySource 'servletConfigInitParams'>
19/05/2021 18:02:55 TRACE - <Searching for key 'server.servlet.context-path' in PropertySource 'servletContextInitParams'>
19/05/2021 18:02:55 TRACE - <Searching for key 'server.servlet.context-path' in PropertySource 'systemProperties'>
19/05/2021 18:02:55 TRACE - <Searching for key 'server.servlet.context-path' in PropertySource 'systemEnvironment'>
19/05/2021 18:02:55 TRACE - <Searching for key 'server.servlet.context-path' in PropertySource 'random'>
19/05/2021 18:02:55 TRACE - <Searching for key 'server.servlet.context-path' in PropertySource 'Config resource 'class path resource [application-prod.properties]' via location 'optional:classpath:/''>
19/05/2021 18:02:55 TRACE - <Searching for key 'server.servlet.context-path' in PropertySource 'Config resource 'class path resource [application.properties]' via location 'optional:classpath:/''>
19/05/2021 18:02:55 TRACE - <Could not find key 'server.servlet.context-path' in any property source>
19/05/2021 18:02:55 TRACE - <Searching for key 'spring.mvc.servlet.path' in PropertySource 'server.ports'>
19/05/2021 18:02:55 TRACE - <Searching for key 'spring.mvc.servlet.path' in PropertySource 'configurationProperties'>
19/05/2021 18:02:55 TRACE - <Searching for key 'spring.mvc.servlet.path' in PropertySource 'servletConfigInitParams'>
19/05/2021 18:02:55 TRACE - <Searching for key 'spring.mvc.servlet.path' in PropertySource 'servletContextInitParams'>
19/05/2021 18:02:55 TRACE - <Searching for key 'spring.mvc.servlet.path' in PropertySource 'systemProperties'>
19/05/2021 18:02:55 TRACE - <Searching for key 'spring.mvc.servlet.path' in PropertySource 'systemEnvironment'>
19/05/2021 18:02:55 TRACE - <Searching for key 'spring.mvc.servlet.path' in PropertySource 'random'>
19/05/2021 18:02:55 TRACE - <Searching for key 'spring.mvc.servlet.path' in PropertySource 'Config resource 'class path resource [application-prod.properties]' via location 'optional:classpath:/''>
19/05/2021 18:02:55 TRACE - <Searching for key 'spring.mvc.servlet.path' in PropertySource 'Config resource 'class path resource [application.properties]' via location 'optional:classpath:/''>
19/05/2021 18:02:55 TRACE - <Could not find key 'spring.mvc.servlet.path' in any property source>
19/05/2021 18:02:55 TRACE - <Searching for key 'server.address' in PropertySource 'server.ports'>
19/05/2021 18:02:55 TRACE - <Searching for key 'server.address' in PropertySource 'configurationProperties'>
19/05/2021 18:02:55 TRACE - <Searching for key 'server.address' in PropertySource 'servletConfigInitParams'>
19/05/2021 18:02:55 TRACE - <Searching for key 'server.address' in PropertySource 'servletContextInitParams'>
19/05/2021 18:02:55 TRACE - <Searching for key 'server.address' in PropertySource 'systemProperties'>
19/05/2021 18:02:55 TRACE - <Searching for key 'server.address' in PropertySource 'systemEnvironment'>
19/05/2021 18:02:55 TRACE - <Searching for key 'server.address' in PropertySource 'random'>
19/05/2021 18:02:55 TRACE - <Searching for key 'server.address' in PropertySource 'Config resource 'class path resource [application-prod.properties]' via location 'optional:classpath:/''>
19/05/2021 18:02:55 TRACE - <Searching for key 'server.address' in PropertySource 'Config resource 'class path resource [application.properties]' via location 'optional:classpath:/''>
19/05/2021 18:02:55 TRACE - <Could not find key 'server.address' in any property source>
19/05/2021 18:03:23 DEBUG - <HikariPool-1 - Pool stats (total=10, active=0, idle=10, waiting=0)>
19/05/2021 18:03:23 DEBUG - <HikariPool-1 - Fill pool skipped, pool is at sufficient level.>
